amr gpu matrix
Time after device_vector creation: 100.56 ms
index = 0, time for dx: 0 ms
index = 0, time for coord: 0.003 ms
index = 0, time for basic compars: 0.002 ms
index = 0, time for getting a cell: 0.033 ms
index = 0, time for comparing cells: 0.002 ms
index = 0, time for setting a cell: 0.018 ms
index = 0, time for setGridCell: 0.064 ms
index = 100, time for dx: 0 ms
index = 100, time for coord: 0.003 ms
index = 100, time for basic compars: 0.001 ms
index = 100, time for getting a cell: 0.012 ms
index = 100, time for comparing cells: 0.001 ms
index = 100, time for setting a cell: 0.012 ms
index = 100, time for setGridCell: 0.035 ms
index = 200, time for dx: 0 ms
index = 200, time for coord: 0.003 ms
index = 200, time for basic compars: 0.001 ms
index = 200, time for getting a cell: 0.012 ms
index = 200, time for comparing cells: 0.001 ms
index = 200, time for setting a cell: 0.012 ms
index = 200, time for setGridCell: 0.035 ms
Time after makeBaseGrid: 46962.6 ms
L = 7, block size 512
num threads: 4194304
block_size = 512, time: 5.666 ms
block_size = 512, time: 2.691 ms
block_size = 512, time: 2.697 ms
block_size = 512, time: 2.718 ms
block_size = 512, time: 2.694 ms
block_size = 512, time: 2.703 ms
block_size = 512, time: 2.712 ms
block_size = 512, time: 2.71 ms
block_size = 512, time: 2.692 ms
block_size = 512, time: 2.705 ms
block_size = 512, time: 2.705 ms
block_size = 512, time: 2.699 ms
block_size = 512, time: 2.691 ms
block_size = 512, time: 2.711 ms
block_size = 512, time: 2.701 ms
block_size = 512, time: 2.69 ms
block_size = 512, time: 2.705 ms
block_size = 512, time: 2.706 ms
block_size = 512, time: 2.686 ms
block_size = 512, time: 2.688 ms
block_size = 512, time: 2.694 ms
block_size = 512, time: 2.704 ms
block_size = 512, time: 2.703 ms
block_size = 512, time: 2.697 ms
block_size = 512, time: 2.692 ms
block_size = 512, time: 2.683 ms
block_size = 512, time: 2.692 ms
block_size = 512, time: 2.716 ms
block_size = 512, time: 2.705 ms
block_size = 512, time: 2.709 ms
block_size = 512, time: 2.697 ms
block_size = 512, time: 2.687 ms
block_size = 512, time: 2.69 ms
block_size = 512, time: 2.72 ms
block_size = 512, time: 2.698 ms
block_size = 512, time: 2.713 ms
block_size = 512, time: 2.694 ms
block_size = 512, time: 2.704 ms
block_size = 512, time: 2.719 ms
block_size = 512, time: 2.705 ms
block_size = 512, time: 2.712 ms
block_size = 512, time: 2.706 ms
block_size = 512, time: 2.69 ms
block_size = 512, time: 2.688 ms
block_size = 512, time: 2.697 ms
block_size = 512, time: 2.68 ms
block_size = 512, time: 2.704 ms
block_size = 512, time: 2.697 ms
block_size = 512, time: 2.696 ms
block_size = 512, time: 2.713 ms

Total time: 47201.3 ms
