amr gpu hashtable
Time after creating insert_keys and underl_values: 107.824 ms
Time after GPU make1lvlGrid: 3.07 ms
time after creating insert_values: 0.045 ms
time for GPU insert_vector_pointers: 14.698 ms
L = 2, block size 512
time after creating hashtable and ref: 0.52 ms
time for GPU insert: 18.951 ms
time for retrieve_all: 10.449 ms
num threads: 512
block_size = 512, time: 0.08 ms
block_size = 512, time: 0.038 ms
block_size = 512, time: 0.037 ms
block_size = 512, time: 0.037 ms
block_size = 512, time: 0.038 ms
block_size = 512, time: 0.036 ms
block_size = 512, time: 0.037 ms
block_size = 512, time: 0.038 ms
block_size = 512, time: 0.036 ms
block_size = 512, time: 0.036 ms

Total level time for L=2: 158.333 ms

Time after creating insert_keys and underl_values: 0.931 ms
Time after GPU make1lvlGrid: 0.009 ms
time after creating insert_values: 0.062 ms
time for GPU insert_vector_pointers: 14.693 ms
L = 3, block size 512
time after creating hashtable and ref: 1.003 ms
time for GPU insert: 19.168 ms
time for retrieve_all: 10.904 ms
num threads: 1024
block_size = 512, time: 0.059 ms
block_size = 512, time: 0.045 ms
block_size = 512, time: 0.045 ms
block_size = 512, time: 0.045 ms
block_size = 512, time: 0.045 ms
block_size = 512, time: 0.045 ms
block_size = 512, time: 0.045 ms
block_size = 512, time: 0.045 ms
block_size = 512, time: 0.045 ms
block_size = 512, time: 0.045 ms

Total level time for L=3: 49.569 ms

Time after creating insert_keys and underl_values: 0.672 ms
Time after GPU make1lvlGrid: 0.009 ms
time after creating insert_values: 0.061 ms
time for GPU insert_vector_pointers: 14.692 ms
L = 4, block size 512
time after creating hashtable and ref: 1.007 ms
time for GPU insert: 19.621 ms
time for retrieve_all: 10.428 ms
num threads: 8192
block_size = 512, time: 0.062 ms
block_size = 512, time: 0.052 ms
block_size = 512, time: 0.052 ms
block_size = 512, time: 0.052 ms
block_size = 512, time: 0.051 ms
block_size = 512, time: 0.051 ms
block_size = 512, time: 0.051 ms
block_size = 512, time: 0.052 ms
block_size = 512, time: 0.051 ms
block_size = 512, time: 0.051 ms

Total level time for L=4: 49.361 ms

Time after creating insert_keys and underl_values: 0.626 ms
Time after GPU make1lvlGrid: 0.009 ms
time after creating insert_values: 0.075 ms
time for GPU insert_vector_pointers: 14.693 ms
L = 5, block size 512
time after creating hashtable and ref: 0.986 ms
time for GPU insert: 19.612 ms
time for retrieve_all: 11.491 ms
num threads: 65536
block_size = 512, time: 0.071 ms
block_size = 512, time: 0.063 ms
block_size = 512, time: 0.063 ms
block_size = 512, time: 0.063 ms
block_size = 512, time: 0.062 ms
block_size = 512, time: 0.062 ms
block_size = 512, time: 0.062 ms
block_size = 512, time: 0.062 ms
block_size = 512, time: 0.062 ms
block_size = 512, time: 0.062 ms

Total level time for L=5: 50.533 ms

Time after creating insert_keys and underl_values: 1.549 ms
Time after GPU make1lvlGrid: 0.009 ms
time after creating insert_values: 1.01 ms
time for GPU insert_vector_pointers: 15.74 ms
L = 6, block size 512
time after creating hashtable and ref: 1.114 ms
time for GPU insert: 17.611 ms
time for retrieve_all: 8.157 ms
num threads: 524288
block_size = 512, time: 0.212 ms
block_size = 512, time: 0.199 ms
block_size = 512, time: 0.198 ms
block_size = 512, time: 0.198 ms
block_size = 512, time: 0.201 ms
block_size = 512, time: 0.199 ms
block_size = 512, time: 0.199 ms
block_size = 512, time: 0.198 ms
block_size = 512, time: 0.2 ms
block_size = 512, time: 0.198 ms

Total level time for L=6: 51.009 ms

Time after creating insert_keys and underl_values: 1.969 ms
Time after GPU make1lvlGrid: 0.009 ms
time after creating insert_values: 1.374 ms
time for GPU insert_vector_pointers: 8.333 ms
L = 7, block size 512
time after creating hashtable and ref: 0.59 ms
time for GPU insert: 11.173 ms
time for retrieve_all: 8.366 ms
num threads: 4194304
block_size = 512, time: 2.791 ms
block_size = 512, time: 2.779 ms
block_size = 512, time: 2.782 ms
block_size = 512, time: 2.784 ms
block_size = 512, time: 2.786 ms
block_size = 512, time: 2.786 ms
block_size = 512, time: 2.785 ms
block_size = 512, time: 2.782 ms
block_size = 512, time: 2.793 ms
block_size = 512, time: 2.781 ms

Total level time for L=7: 62.118 ms

Time after creating insert_keys and underl_values: 3.002 ms
Time after GPU make1lvlGrid: 0.009 ms
time after creating insert_values: 10.849 ms
time for GPU insert_vector_pointers: 8.984 ms
L = 8, block size 512
time after creating hashtable and ref: 0.521 ms
time for GPU insert: 13.729 ms
time for retrieve_all: 10.579 ms
num threads: 33554432
block_size = 512, time: 23.666 ms
block_size = 512, time: 23.629 ms
block_size = 512, time: 23.63 ms
block_size = 512, time: 23.635 ms
block_size = 512, time: 23.66 ms
block_size = 512, time: 23.641 ms
block_size = 512, time: 23.639 ms
block_size = 512, time: 23.657 ms
block_size = 512, time: 23.628 ms
block_size = 512, time: 23.622 ms

Total level time for L=8: 289.436 ms

Time after creating insert_keys and underl_values: 16.453 ms
Time after GPU make1lvlGrid: 0.01 ms
time after creating insert_values: 86.872 ms
time for GPU insert_vector_pointers: 11.111 ms
L = 9, block size 512
time after creating hashtable and ref: 0.873 ms
time for GPU insert: 35.045 ms
time for retrieve_all: 11.038 ms
num threads: 268435456
block_size = 512, time: 207.871 ms
block_size = 512, time: 205.471 ms
block_size = 512, time: 205.55 ms
block_size = 512, time: 205.51 ms
block_size = 512, time: 205.54 ms
block_size = 512, time: 205.542 ms
block_size = 512, time: 205.521 ms
block_size = 512, time: 205.503 ms
block_size = 512, time: 205.534 ms
block_size = 512, time: 205.553 ms

Total level time for L=9: 2225.78 ms

terminate called after throwing an instance of 'thrust::system::detail::bad_alloc'
  what():  std::bad_alloc: cudaErrorMemoryAllocation: out of memory
