amr gpu hashtable
Time after creating insert_keys and underl_values: 1570.21 ms
Time after GPU make1lvlGrid: 2.833 ms
time after creating insert_values: 32.912 ms
time for GPU insert_vector_pointers: 68.285 ms
L = 9, block size 512
time after creating hashtable and ref: 1.066 ms
time for GPU insert: 120.272 ms
num threads: 153392128
block_size = 512, time: 80.297 ms
block_size = 512, time: 66.801 ms
block_size = 512, time: 66.882 ms
block_size = 512, time: 67.039 ms
block_size = 512, time: 66.74 ms
block_size = 512, time: 66.998 ms
block_size = 512, time: 67.055 ms
block_size = 512, time: 66.918 ms
block_size = 512, time: 66.977 ms
block_size = 512, time: 66.951 ms

Total level time for L=9: 2488.22 ms

Total time: 2491.74 ms
