amr gpu hashtable
Time after creating insert_keys and underl_values: 1564.82 ms
Time after GPU make1lvlGrid: 2.835 ms
time after creating insert_values: 0.041 ms
time for GPU insert_vector_pointers: 8.265 ms
L = 2, block size 512
time after creating hashtable and ref: 1.256 ms
time for GPU insert: 18.173 ms
num threads: 512
block_size = 512, time: 0.095 ms
block_size = 512, time: 0.038 ms
block_size = 512, time: 0.036 ms
block_size = 512, time: 0.037 ms
block_size = 512, time: 0.035 ms
block_size = 512, time: 0.036 ms
block_size = 512, time: 0.035 ms
block_size = 512, time: 0.036 ms
block_size = 512, time: 0.035 ms
block_size = 512, time: 0.036 ms

Total level time for L=2: 1601.09 ms

Time after creating insert_keys and underl_values: 0.925 ms
Time after GPU make1lvlGrid: 0.01 ms
time after creating insert_values: 0.029 ms
time for GPU insert_vector_pointers: 8.236 ms
L = 3, block size 512
time after creating hashtable and ref: 1.256 ms
time for GPU insert: 19.237 ms
num threads: 1024
block_size = 512, time: 0.058 ms
block_size = 512, time: 0.044 ms
block_size = 512, time: 0.043 ms
block_size = 512, time: 0.043 ms
block_size = 512, time: 0.042 ms
block_size = 512, time: 0.042 ms
block_size = 512, time: 0.043 ms
block_size = 512, time: 0.042 ms
block_size = 512, time: 0.042 ms
block_size = 512, time: 0.042 ms

Total level time for L=3: 35.258 ms

Time after creating insert_keys and underl_values: 0.328 ms
Time after GPU make1lvlGrid: 0.009 ms
time after creating insert_values: 0.03 ms
time for GPU insert_vector_pointers: 8.236 ms
L = 4, block size 512
time after creating hashtable and ref: 1.252 ms
time for GPU insert: 19.234 ms
num threads: 5120
block_size = 512, time: 0.075 ms
block_size = 512, time: 0.046 ms
block_size = 512, time: 0.044 ms
block_size = 512, time: 0.044 ms
block_size = 512, time: 0.044 ms
block_size = 512, time: 0.044 ms
block_size = 512, time: 0.044 ms
block_size = 512, time: 0.044 ms
block_size = 512, time: 0.044 ms
block_size = 512, time: 0.044 ms

Total level time for L=4: 34.68 ms

Time after creating insert_keys and underl_values: 0.304 ms
Time after GPU make1lvlGrid: 0.009 ms
time after creating insert_values: 0.03 ms
time for GPU insert_vector_pointers: 8.236 ms
L = 5, block size 512
time after creating hashtable and ref: 1.254 ms
time for GPU insert: 19.237 ms
num threads: 37888
block_size = 512, time: 0.066 ms
block_size = 512, time: 0.053 ms
block_size = 512, time: 0.051 ms
block_size = 512, time: 0.051 ms
block_size = 512, time: 0.051 ms
block_size = 512, time: 0.052 ms
block_size = 512, time: 0.051 ms
block_size = 512, time: 0.051 ms
block_size = 512, time: 0.051 ms
block_size = 512, time: 0.051 ms

Total level time for L=5: 34.711 ms

Time after creating insert_keys and underl_values: 1.317 ms
Time after GPU make1lvlGrid: 0.009 ms
time after creating insert_values: 1.038 ms
time for GPU insert_vector_pointers: 9.286 ms
L = 6, block size 512
time after creating hashtable and ref: 199.661 ms
time for GPU insert: 11.265 ms
num threads: 300032
block_size = 512, time: 0.124 ms
block_size = 512, time: 0.119 ms
block_size = 512, time: 0.116 ms
block_size = 512, time: 0.116 ms
block_size = 512, time: 0.115 ms
block_size = 512, time: 0.117 ms
block_size = 512, time: 0.115 ms
block_size = 512, time: 0.115 ms
block_size = 512, time: 0.115 ms
block_size = 512, time: 0.116 ms

Total level time for L=6: 228.781 ms

Time after creating insert_keys and underl_values: 2.272 ms
Time after GPU make1lvlGrid: 0.009 ms
time after creating insert_values: 0.984 ms
time for GPU insert_vector_pointers: 5.527 ms
L = 7, block size 512
time after creating hashtable and ref: 228.599 ms
time for GPU insert: 11.575 ms
num threads: 2397184
block_size = 512, time: 0.704 ms
block_size = 512, time: 0.696 ms
block_size = 512, time: 0.696 ms
block_size = 512, time: 0.695 ms
block_size = 512, time: 0.695 ms
block_size = 512, time: 0.697 ms
block_size = 512, time: 0.696 ms
block_size = 512, time: 0.693 ms
block_size = 512, time: 0.694 ms
block_size = 512, time: 0.692 ms

Total level time for L=7: 260.958 ms

Time after creating insert_keys and underl_values: 1.886 ms
Time after GPU make1lvlGrid: 0.013 ms
time after creating insert_values: 2.301 ms
time for GPU insert_vector_pointers: 4.806 ms
L = 8, block size 512
time after creating hashtable and ref: 220.155 ms
time for GPU insert: 14.197 ms
num threads: 19174400
block_size = 512, time: 6.526 ms
block_size = 512, time: 6.508 ms
block_size = 512, time: 6.508 ms
block_size = 512, time: 6.506 ms
block_size = 512, time: 6.505 ms
block_size = 512, time: 6.51 ms
block_size = 512, time: 6.508 ms
block_size = 512, time: 6.505 ms
block_size = 512, time: 6.5 ms
block_size = 512, time: 6.508 ms

Total level time for L=8: 313.464 ms

Time after creating insert_keys and underl_values: 171.378 ms
Time after GPU make1lvlGrid: 0.011 ms
time after creating insert_values: 18.308 ms
time for GPU insert_vector_pointers: 5.716 ms
L = 9, block size 512
time after creating hashtable and ref: 224.651 ms
time for GPU insert: 34.968 ms
num threads: 153392128
block_size = 512, time: 75.406 ms
block_size = 512, time: 75.385 ms
block_size = 512, time: 75.379 ms
block_size = 512, time: 75.452 ms
block_size = 512, time: 75.386 ms
block_size = 512, time: 75.475 ms
block_size = 512, time: 73.822 ms
block_size = 512, time: 72.324 ms
block_size = 512, time: 72.484 ms
block_size = 512, time: 72.491 ms

Total level time for L=9: 1210.15 ms

Total time: 3724.2 ms
