amr gpu hashtable
Time after creating insert_keys and underl_values: 106.972 ms
Time after GPU make1lvlGrid: 2.813 ms
time after creating insert_values: 2.586 ms
time for GPU insert_vector_pointers: 15.253 ms
L = 7, block size 512
time after creating hashtable and ref: 0.5 ms
time for GPU insert: 19.448 ms
time for retrieve_all: 10.818 ms
num threads: 4194304
block_size = 512, time: 3.202 ms
block_size = 512, time: 3.152 ms
block_size = 512, time: 3.153 ms
block_size = 512, time: 3.151 ms
block_size = 512, time: 3.148 ms
block_size = 512, time: 3.158 ms
block_size = 512, time: 3.152 ms
block_size = 512, time: 3.149 ms
block_size = 512, time: 3.157 ms
block_size = 512, time: 3.15 ms


Total time: 192.862 ms
