amr gpu matrix
Time after device_vector creation: 313.455 ms
Time after makeBaseGrid: 3.079 ms
L = 2, block size 512
num threads: 512
block_size = 512, time: 0.064 ms
block_size = 512, time: 0.025 ms
block_size = 512, time: 0.026 ms
block_size = 512, time: 0.026 ms
block_size = 512, time: 0.026 ms
block_size = 512, time: 0.026 ms
block_size = 512, time: 0.025 ms
block_size = 512, time: 0.025 ms
block_size = 512, time: 0.025 ms
block_size = 512, time: 0.025 ms

Total level time for L=2: 316.886 ms

Time after device_vector creation: 0.512 ms
Time after makeBaseGrid: 0.034 ms
L = 3, block size 512
num threads: 1024
block_size = 512, time: 0.038 ms
block_size = 512, time: 0.038 ms
block_size = 512, time: 0.038 ms
block_size = 512, time: 0.038 ms
block_size = 512, time: 0.036 ms
block_size = 512, time: 0.037 ms
block_size = 512, time: 0.037 ms
block_size = 512, time: 0.038 ms
block_size = 512, time: 0.037 ms
block_size = 512, time: 0.037 ms

Total level time for L=3: 0.948 ms

Time after device_vector creation: 0.519 ms
Time after makeBaseGrid: 0.034 ms
L = 4, block size 512
num threads: 5120
block_size = 512, time: 0.039 ms
block_size = 512, time: 0.038 ms
block_size = 512, time: 0.038 ms
block_size = 512, time: 0.039 ms
block_size = 512, time: 0.038 ms
block_size = 512, time: 0.038 ms
block_size = 512, time: 0.038 ms
block_size = 512, time: 0.039 ms
block_size = 512, time: 0.038 ms
block_size = 512, time: 0.038 ms

Total level time for L=4: 0.967 ms

Time after device_vector creation: 0.515 ms
Time after makeBaseGrid: 0.034 ms
L = 5, block size 512
num threads: 37888
block_size = 512, time: 0.04 ms
block_size = 512, time: 0.04 ms
block_size = 512, time: 0.04 ms
block_size = 512, time: 0.04 ms
block_size = 512, time: 0.039 ms
block_size = 512, time: 0.04 ms
block_size = 512, time: 0.04 ms
block_size = 512, time: 0.04 ms
block_size = 512, time: 0.04 ms
block_size = 512, time: 0.039 ms

Total level time for L=5: 0.974 ms

Time after device_vector creation: 0.521 ms
Time after makeBaseGrid: 0.087 ms
L = 6, block size 512
num threads: 300032
block_size = 512, time: 0.15 ms
block_size = 512, time: 0.149 ms
block_size = 512, time: 0.149 ms
block_size = 512, time: 0.15 ms
block_size = 512, time: 0.15 ms
block_size = 512, time: 0.149 ms
block_size = 512, time: 0.149 ms
block_size = 512, time: 0.15 ms
block_size = 512, time: 0.149 ms
block_size = 512, time: 0.149 ms

Total level time for L=6: 2.132 ms

Time after device_vector creation: 0.506 ms
Time after makeBaseGrid: 0.532 ms
L = 7, block size 512
num threads: 2397184
block_size = 512, time: 1.086 ms
block_size = 512, time: 1.083 ms
block_size = 512, time: 1.085 ms
block_size = 512, time: 1.084 ms
block_size = 512, time: 1.085 ms
block_size = 512, time: 1.083 ms
block_size = 512, time: 1.084 ms
block_size = 512, time: 1.084 ms
block_size = 512, time: 1.084 ms
block_size = 512, time: 1.083 ms

Total level time for L=7: 11.91 ms

Time after device_vector creation: 2.072 ms
Time after makeBaseGrid: 4.087 ms
L = 8, block size 512
num threads: 19174400
block_size = 512, time: 8.472 ms
block_size = 512, time: 8.476 ms
block_size = 512, time: 8.481 ms
block_size = 512, time: 8.478 ms
block_size = 512, time: 8.476 ms
block_size = 512, time: 8.477 ms
block_size = 512, time: 8.477 ms
block_size = 512, time: 8.478 ms
block_size = 512, time: 8.478 ms
block_size = 512, time: 8.476 ms

Total level time for L=8: 90.96 ms

Time after device_vector creation: 8.757 ms
Time after makeBaseGrid: 32.521 ms
L = 9, block size 512
num threads: 153392128
block_size = 512, time: 65.772 ms
block_size = 512, time: 37.841 ms
block_size = 512, time: 37.839 ms
block_size = 512, time: 37.841 ms
block_size = 512, time: 37.842 ms
block_size = 512, time: 37.842 ms
block_size = 512, time: 37.838 ms
block_size = 512, time: 37.835 ms
block_size = 512, time: 37.901 ms
block_size = 512, time: 37.948 ms

Total level time for L=9: 447.813 ms

Total time: 875.865 ms
