amr gpu matrix
Time after device_vector creation: 104.588 ms
index = 0, time for getIndexInv: 0 ms
index = 0, time for setGridCell: 0.263 ms
index = 100, time for getIndexInv: 0 ms
index = 100, time for setGridCell: 0.026 ms
index = 200, time for getIndexInv: 0 ms
index = 200, time for setGridCell: 0.025 ms
Time after makeBaseGrid: 46752 ms
L = 7, block size 512
num threads: 4194304
block_size = 512, time: 5.651 ms
block_size = 512, time: 2.703 ms
block_size = 512, time: 2.699 ms
block_size = 512, time: 2.682 ms
block_size = 512, time: 2.712 ms
block_size = 512, time: 2.703 ms
block_size = 512, time: 2.694 ms
block_size = 512, time: 2.704 ms
block_size = 512, time: 2.7 ms
block_size = 512, time: 2.706 ms
block_size = 512, time: 2.703 ms
block_size = 512, time: 2.715 ms
block_size = 512, time: 2.708 ms
block_size = 512, time: 2.691 ms
block_size = 512, time: 2.705 ms
block_size = 512, time: 2.685 ms
block_size = 512, time: 2.701 ms
block_size = 512, time: 2.715 ms
block_size = 512, time: 2.693 ms
block_size = 512, time: 2.699 ms
block_size = 512, time: 2.708 ms
block_size = 512, time: 2.712 ms
block_size = 512, time: 2.696 ms
block_size = 512, time: 2.694 ms
block_size = 512, time: 2.698 ms
block_size = 512, time: 2.714 ms
block_size = 512, time: 2.709 ms
block_size = 512, time: 2.683 ms
block_size = 512, time: 2.683 ms
block_size = 512, time: 2.691 ms
block_size = 512, time: 2.688 ms
block_size = 512, time: 2.7 ms
block_size = 512, time: 2.711 ms
block_size = 512, time: 2.691 ms
block_size = 512, time: 2.7 ms
block_size = 512, time: 2.706 ms
block_size = 512, time: 2.719 ms
block_size = 512, time: 2.725 ms
block_size = 512, time: 2.682 ms
block_size = 512, time: 2.715 ms
block_size = 512, time: 2.711 ms
block_size = 512, time: 2.691 ms
block_size = 512, time: 2.691 ms
block_size = 512, time: 2.711 ms
block_size = 512, time: 2.688 ms
block_size = 512, time: 2.696 ms
block_size = 512, time: 2.704 ms
block_size = 512, time: 2.691 ms
block_size = 512, time: 2.72 ms
block_size = 512, time: 2.708 ms

Total time: 46994.7 ms
