amr gpu matrix
Time after device_vector creation: 101.853 ms
index = 0, time for dx: 0 ms
index = 0, time for coord: 0.003 ms
index = 0, time for getting a cell: 0.03 ms
index = 0, time for setting a cell: 0.018 ms
index = 0, time for setGridCell: 0.057 ms
index = 100, time for dx: 0 ms
index = 100, time for coord: 0.003 ms
index = 100, time for getting a cell: 0.012 ms
index = 100, time for setting a cell: 0.012 ms
index = 100, time for setGridCell: 0.032 ms
index = 200, time for dx: 0 ms
index = 200, time for coord: 0.002 ms
index = 200, time for getting a cell: 0.011 ms
index = 200, time for setting a cell: 0.012 ms
index = 200, time for setGridCell: 0.031 ms
Time after makeBaseGrid: 46495.4 ms
L = 7, block size 512
num threads: 4194304
block_size = 512, time: 5.842 ms
block_size = 512, time: 2.711 ms
block_size = 512, time: 2.688 ms
block_size = 512, time: 2.711 ms
block_size = 512, time: 2.718 ms
block_size = 512, time: 2.708 ms
block_size = 512, time: 2.709 ms
block_size = 512, time: 2.712 ms
block_size = 512, time: 2.699 ms
block_size = 512, time: 2.682 ms
block_size = 512, time: 2.709 ms
block_size = 512, time: 2.693 ms
block_size = 512, time: 2.687 ms
block_size = 512, time: 2.692 ms
block_size = 512, time: 2.714 ms
block_size = 512, time: 2.697 ms
block_size = 512, time: 2.705 ms
block_size = 512, time: 2.706 ms
block_size = 512, time: 2.685 ms
block_size = 512, time: 2.698 ms
block_size = 512, time: 2.719 ms
block_size = 512, time: 2.712 ms
block_size = 512, time: 2.69 ms
block_size = 512, time: 2.698 ms
block_size = 512, time: 2.691 ms
block_size = 512, time: 2.699 ms
block_size = 512, time: 2.694 ms
block_size = 512, time: 2.349 ms
block_size = 512, time: 2.006 ms
block_size = 512, time: 2.001 ms
block_size = 512, time: 2.003 ms
block_size = 512, time: 2.006 ms
block_size = 512, time: 2.009 ms
block_size = 512, time: 2.014 ms
block_size = 512, time: 2.006 ms
block_size = 512, time: 2.017 ms
block_size = 512, time: 2.01 ms
block_size = 512, time: 2.01 ms
block_size = 512, time: 2.003 ms
block_size = 512, time: 1.996 ms
block_size = 512, time: 2.007 ms
block_size = 512, time: 1.997 ms
block_size = 512, time: 1.996 ms
block_size = 512, time: 2.003 ms
block_size = 512, time: 2.002 ms
block_size = 512, time: 1.993 ms
block_size = 512, time: 2.007 ms
block_size = 512, time: 1.998 ms
block_size = 512, time: 1.999 ms
block_size = 512, time: 2.01 ms

Total time: 46719.9 ms
