amr gpu hashtable
Time after creating insert_keys and underl_values: 1413.11 ms
Time after GPU make1lvlGrid: 0.575 ms
time after creating insert_values: 0.044 ms
time for GPU insert_vector_pointers: 28.069 ms
L = 2, block size 512
time after creating hashtable and ref: 28.113 ms
time for GPU insert: 33.12 ms
num threads: 512
block_size = 512, time: 0.062 ms
block_size = 512, time: 0.021 ms
block_size = 512, time: 0.021 ms
block_size = 512, time: 0.02 ms
block_size = 512, time: 0.02 ms
block_size = 512, time: 0.02 ms
block_size = 512, time: 0.021 ms
block_size = 512, time: 0.02 ms
block_size = 512, time: 0.02 ms
block_size = 512, time: 0.02 ms

Total level time for L=2: 1516.84 ms

Time after creating insert_keys and underl_values: 1.746 ms
Time after GPU make1lvlGrid: 0.009 ms
time after creating insert_values: 0.012 ms
time for GPU insert_vector_pointers: 28.055 ms
L = 3, block size 512
time after creating hashtable and ref: 27.903 ms
time for GPU insert: 33.099 ms
num threads: 1024
block_size = 512, time: 0.037 ms
block_size = 512, time: 0.024 ms
block_size = 512, time: 0.024 ms
block_size = 512, time: 0.024 ms
block_size = 512, time: 0.023 ms
block_size = 512, time: 0.023 ms
block_size = 512, time: 0.025 ms
block_size = 512, time: 0.023 ms
block_size = 512, time: 0.023 ms
block_size = 512, time: 0.022 ms

Total level time for L=3: 104.604 ms

Time after creating insert_keys and underl_values: 1.137 ms
Time after GPU make1lvlGrid: 0.009 ms
time after creating insert_values: 0.012 ms
time for GPU insert_vector_pointers: 28.056 ms
L = 4, block size 512
time after creating hashtable and ref: 27.934 ms
time for GPU insert: 33.123 ms
num threads: 5120
block_size = 512, time: 0.037 ms
block_size = 512, time: 0.026 ms
block_size = 512, time: 0.025 ms
block_size = 512, time: 0.025 ms
block_size = 512, time: 0.025 ms
block_size = 512, time: 0.025 ms
block_size = 512, time: 0.025 ms
block_size = 512, time: 0.024 ms
block_size = 512, time: 0.024 ms
block_size = 512, time: 0.025 ms

Total level time for L=4: 104.032 ms

Time after creating insert_keys and underl_values: 1.132 ms
Time after GPU make1lvlGrid: 0.008 ms
time after creating insert_values: 0.012 ms
time for GPU insert_vector_pointers: 28.704 ms
L = 5, block size 512
time after creating hashtable and ref: 27.84 ms
time for GPU insert: 33.758 ms
num threads: 37888
block_size = 512, time: 0.037 ms
block_size = 512, time: 0.026 ms
block_size = 512, time: 0.027 ms
block_size = 512, time: 0.025 ms
block_size = 512, time: 0.026 ms
block_size = 512, time: 0.026 ms
block_size = 512, time: 0.026 ms
block_size = 512, time: 0.025 ms
block_size = 512, time: 0.026 ms
block_size = 512, time: 0.026 ms

Total level time for L=5: 105.243 ms

Time after creating insert_keys and underl_values: 2.156 ms
Time after GPU make1lvlGrid: 0.007 ms
time after creating insert_values: 1.077 ms
time for GPU insert_vector_pointers: 29.22 ms
L = 6, block size 512
time after creating hashtable and ref: 28.187 ms
time for GPU insert: 33.149 ms
num threads: 300032
block_size = 512, time: 0.074 ms
block_size = 512, time: 0.068 ms
block_size = 512, time: 0.066 ms
block_size = 512, time: 0.065 ms
block_size = 512, time: 0.065 ms
block_size = 512, time: 0.064 ms
block_size = 512, time: 0.065 ms
block_size = 512, time: 0.064 ms
block_size = 512, time: 0.065 ms
block_size = 512, time: 0.064 ms

Total level time for L=6: 108.062 ms

Time after creating insert_keys and underl_values: 6.288 ms
Time after GPU make1lvlGrid: 0.009 ms
time after creating insert_values: 1.136 ms
time for GPU insert_vector_pointers: 29.085 ms
L = 7, block size 512
time after creating hashtable and ref: 27.907 ms
time for GPU insert: 33.387 ms
num threads: 2397184
block_size = 512, time: 0.376 ms
block_size = 512, time: 0.363 ms
block_size = 512, time: 0.364 ms
block_size = 512, time: 0.363 ms
block_size = 512, time: 0.363 ms
block_size = 512, time: 0.364 ms
block_size = 512, time: 0.364 ms
block_size = 512, time: 0.364 ms
block_size = 512, time: 0.362 ms
block_size = 512, time: 0.364 ms

Total level time for L=7: 115.09 ms

Time after creating insert_keys and underl_values: 3.217 ms
Time after GPU make1lvlGrid: 0.009 ms
time after creating insert_values: 1.468 ms
time for GPU insert_vector_pointers: 29.13 ms
L = 8, block size 512
time after creating hashtable and ref: 27.863 ms
time for GPU insert: 35.494 ms
num threads: 19174400
block_size = 512, time: 2.982 ms
block_size = 512, time: 2.977 ms
block_size = 512, time: 2.971 ms
block_size = 512, time: 2.975 ms
block_size = 512, time: 2.971 ms
block_size = 512, time: 2.972 ms
block_size = 512, time: 2.972 ms
block_size = 512, time: 2.968 ms
block_size = 512, time: 2.967 ms
block_size = 512, time: 2.97 ms

Total level time for L=8: 141.659 ms

Time after creating insert_keys and underl_values: 10.334 ms
Time after GPU make1lvlGrid: 0.014 ms
time after creating insert_values: 7.627 ms
time for GPU insert_vector_pointers: 29.532 ms
L = 9, block size 512
time after creating hashtable and ref: 27.941 ms
time for GPU insert: 50.986 ms
num threads: 153392128
block_size = 512, time: 28.51 ms
block_size = 512, time: 28.5 ms
block_size = 512, time: 28.484 ms
block_size = 512, time: 28.562 ms
block_size = 512, time: 28.48 ms
block_size = 512, time: 28.461 ms
block_size = 512, time: 28.482 ms
block_size = 512, time: 28.493 ms
block_size = 512, time: 28.489 ms
block_size = 512, time: 28.492 ms

Total level time for L=9: 425.02 ms

Total time: 2626.21 ms
