amr gpu matrix
Time after device_vector creation: 113.247 ms
Time after makeBaseGrid: 3.12 ms
L = 2, block size 512
num threads: 512
block_size = 512, time: 0.063 ms
block_size = 512, time: 0.026 ms
block_size = 512, time: 0.026 ms
block_size = 512, time: 0.026 ms
block_size = 512, time: 0.025 ms
block_size = 512, time: 0.025 ms
block_size = 512, time: 0.025 ms
block_size = 512, time: 0.025 ms
block_size = 512, time: 0.025 ms
block_size = 512, time: 0.025 ms

Total level time for L=2: 116.718 ms

Time after device_vector creation: 0.547 ms
Time after makeBaseGrid: 0.034 ms
L = 3, block size 512
num threads: 1024
block_size = 512, time: 0.038 ms
block_size = 512, time: 0.038 ms
block_size = 512, time: 0.038 ms
block_size = 512, time: 0.038 ms
block_size = 512, time: 0.038 ms
block_size = 512, time: 0.037 ms
block_size = 512, time: 0.037 ms
block_size = 512, time: 0.037 ms
block_size = 512, time: 0.038 ms
block_size = 512, time: 0.037 ms

Total level time for L=3: 0.986 ms

Time after device_vector creation: 0.518 ms
Time after makeBaseGrid: 0.034 ms
L = 4, block size 512
num threads: 5120
block_size = 512, time: 0.039 ms
block_size = 512, time: 0.039 ms
block_size = 512, time: 0.038 ms
block_size = 512, time: 0.039 ms
block_size = 512, time: 0.038 ms
block_size = 512, time: 0.038 ms
block_size = 512, time: 0.038 ms
block_size = 512, time: 0.038 ms
block_size = 512, time: 0.038 ms
block_size = 512, time: 0.038 ms

Total level time for L=4: 0.965 ms

Time after device_vector creation: 0.508 ms
Time after makeBaseGrid: 0.033 ms
L = 5, block size 512
num threads: 37888
block_size = 512, time: 0.04 ms
block_size = 512, time: 0.04 ms
block_size = 512, time: 0.039 ms
block_size = 512, time: 0.04 ms
block_size = 512, time: 0.04 ms
block_size = 512, time: 0.04 ms
block_size = 512, time: 0.039 ms
block_size = 512, time: 0.04 ms
block_size = 512, time: 0.039 ms
block_size = 512, time: 0.039 ms

Total level time for L=5: 0.966 ms

Time after device_vector creation: 0.517 ms
Time after makeBaseGrid: 0.087 ms
L = 6, block size 512
num threads: 300032
block_size = 512, time: 0.15 ms
block_size = 512, time: 0.149 ms
block_size = 512, time: 0.149 ms
block_size = 512, time: 0.15 ms
block_size = 512, time: 0.15 ms
block_size = 512, time: 0.149 ms
block_size = 512, time: 0.149 ms
block_size = 512, time: 0.149 ms
block_size = 512, time: 0.15 ms
block_size = 512, time: 0.15 ms

Total level time for L=6: 2.129 ms

Time after device_vector creation: 0.505 ms
Time after makeBaseGrid: 0.537 ms
L = 7, block size 512
num threads: 2397184
block_size = 512, time: 1.086 ms
block_size = 512, time: 1.084 ms
block_size = 512, time: 1.085 ms
block_size = 512, time: 1.085 ms
block_size = 512, time: 1.085 ms
block_size = 512, time: 1.085 ms
block_size = 512, time: 1.085 ms
block_size = 512, time: 1.084 ms
block_size = 512, time: 1.084 ms
block_size = 512, time: 1.084 ms

Total level time for L=7: 11.92 ms

Time after device_vector creation: 2.066 ms
Time after makeBaseGrid: 4.087 ms
L = 8, block size 512
num threads: 19174400
block_size = 512, time: 8.482 ms
block_size = 512, time: 8.481 ms
block_size = 512, time: 8.482 ms
block_size = 512, time: 8.479 ms
block_size = 512, time: 8.482 ms
block_size = 512, time: 8.477 ms
block_size = 512, time: 8.473 ms
block_size = 512, time: 8.476 ms
block_size = 512, time: 8.475 ms
block_size = 512, time: 8.479 ms

Total level time for L=8: 90.971 ms

Time after device_vector creation: 8.764 ms
Time after makeBaseGrid: 32.522 ms
L = 9, block size 512
num threads: 153392128
block_size = 512, time: 50.842 ms
block_size = 512, time: 37.839 ms
block_size = 512, time: 37.838 ms
block_size = 512, time: 37.834 ms
block_size = 512, time: 37.837 ms
block_size = 512, time: 37.836 ms
block_size = 512, time: 37.835 ms
block_size = 512, time: 37.837 ms
block_size = 512, time: 37.839 ms
block_size = 512, time: 37.843 ms

Total level time for L=9: 432.702 ms

Total time: 660.727 ms
