amr gpu hashtable
Time after creating insert_keys and underl_values: 112.056 ms
Time after GPU make1lvlGrid: 3.051 ms
time after creating insert_values: 0.046 ms
time for GPU insert_vector_pointers: 14.698 ms
L = 2, block size 512
time after creating hashtable and ref: 0.518 ms
time for GPU insert: 18.954 ms
time for retrieve_all: 10.486 ms
num threads: 512
block_size = 512, time: 0.078 ms
block_size = 512, time: 0.038 ms
block_size = 512, time: 0.037 ms
block_size = 512, time: 0.037 ms
block_size = 512, time: 0.037 ms
block_size = 512, time: 0.036 ms
block_size = 512, time: 0.036 ms
block_size = 512, time: 0.036 ms
block_size = 512, time: 0.037 ms
block_size = 512, time: 0.036 ms
Total level time for L=2: 162.589 ms
Time after creating insert_keys and underl_values: 0.93 ms
Time after GPU make1lvlGrid: 0.009 ms
time after creating insert_values: 0.06 ms
time for GPU insert_vector_pointers: 14.691 ms
L = 3, block size 512
time after creating hashtable and ref: 1.009 ms
time for GPU insert: 19.173 ms
time for retrieve_all: 10.872 ms
num threads: 1024
block_size = 512, time: 0.058 ms
block_size = 512, time: 0.045 ms
block_size = 512, time: 0.044 ms
block_size = 512, time: 0.044 ms
block_size = 512, time: 0.044 ms
block_size = 512, time: 0.044 ms
block_size = 512, time: 0.044 ms
block_size = 512, time: 0.044 ms
block_size = 512, time: 0.044 ms
block_size = 512, time: 0.045 ms
Total level time for L=3: 49.529 ms
Time after creating insert_keys and underl_values: 0.717 ms
Time after GPU make1lvlGrid: 0.008 ms
time after creating insert_values: 0.061 ms
time for GPU insert_vector_pointers: 14.691 ms
L = 4, block size 512
time after creating hashtable and ref: 1.005 ms
time for GPU insert: 19.624 ms
time for retrieve_all: 10.435 ms
num threads: 8192
block_size = 512, time: 0.061 ms
block_size = 512, time: 0.052 ms
block_size = 512, time: 0.051 ms
block_size = 512, time: 0.051 ms
block_size = 512, time: 0.051 ms
block_size = 512, time: 0.051 ms
block_size = 512, time: 0.051 ms
block_size = 512, time: 0.051 ms
block_size = 512, time: 0.051 ms
block_size = 512, time: 0.051 ms
Total level time for L=4: 49.397 ms
Time after creating insert_keys and underl_values: 0.623 ms
Time after GPU make1lvlGrid: 0.009 ms
time after creating insert_values: 0.075 ms
time for GPU insert_vector_pointers: 14.692 ms
L = 5, block size 512
time after creating hashtable and ref: 0.99 ms
time for GPU insert: 19.617 ms
time for retrieve_all: 11.496 ms
num threads: 65536
block_size = 512, time: 0.071 ms
block_size = 512, time: 0.062 ms
block_size = 512, time: 0.061 ms
block_size = 512, time: 0.062 ms
block_size = 512, time: 0.062 ms
block_size = 512, time: 0.062 ms
block_size = 512, time: 0.063 ms
block_size = 512, time: 0.062 ms
block_size = 512, time: 0.063 ms
block_size = 512, time: 0.062 ms
Total level time for L=5: 50.538 ms
Time after creating insert_keys and underl_values: 1.551 ms
Time after GPU make1lvlGrid: 0.009 ms
time after creating insert_values: 1.01 ms
time for GPU insert_vector_pointers: 15.738 ms
L = 6, block size 512
time after creating hashtable and ref: 1.116 ms
time for GPU insert: 19.7 ms
time for retrieve_all: 12.518 ms
num threads: 524288
block_size = 512, time: 0.313 ms
block_size = 512, time: 0.301 ms
block_size = 512, time: 0.3 ms
block_size = 512, time: 0.302 ms
block_size = 512, time: 0.299 ms
block_size = 512, time: 0.302 ms
block_size = 512, time: 0.304 ms
block_size = 512, time: 0.304 ms
block_size = 512, time: 0.303 ms
block_size = 512, time: 0.302 ms
Total level time for L=6: 57.155 ms
Total time: 371.801 ms
