amr gpu hashtable
Time after creating insert_keys and underl_values: 113.174 ms
Time after GPU make1lvlGrid: 3.058 ms
time after creating insert_values: 0.044 ms
time for GPU insert_vector_pointers: 14.697 ms
L = 2, block size 512
time after creating hashtable and ref: 0.529 ms
time for GPU insert: 18.948 ms
time for retrieve_all: 10.454 ms
num threads: 512
block_size = 512, time: 0.084 ms
block_size = 512, time: 0.038 ms
block_size = 512, time: 0.036 ms
block_size = 512, time: 0.036 ms
block_size = 512, time: 0.037 ms
block_size = 512, time: 0.036 ms
block_size = 512, time: 0.036 ms
block_size = 512, time: 0.037 ms
block_size = 512, time: 0.037 ms
block_size = 512, time: 0.036 ms

Total level time for L=2: 163.736 ms

Time after creating insert_keys and underl_values: 0.921 ms
Time after GPU make1lvlGrid: 0.009 ms
time after creating insert_values: 0.06 ms
time for GPU insert_vector_pointers: 14.691 ms
L = 3, block size 512
time after creating hashtable and ref: 1.009 ms
time for GPU insert: 19.181 ms
time for retrieve_all: 10.867 ms
num threads: 1024
block_size = 512, time: 0.057 ms
block_size = 512, time: 0.045 ms
block_size = 512, time: 0.044 ms
block_size = 512, time: 0.044 ms
block_size = 512, time: 0.044 ms
block_size = 512, time: 0.045 ms
block_size = 512, time: 0.044 ms
block_size = 512, time: 0.044 ms
block_size = 512, time: 0.044 ms
block_size = 512, time: 0.044 ms

Total level time for L=3: 49.522 ms

Time after creating insert_keys and underl_values: 0.707 ms
Time after GPU make1lvlGrid: 0.009 ms
time after creating insert_values: 0.061 ms
time for GPU insert_vector_pointers: 14.69 ms
L = 4, block size 512
time after creating hashtable and ref: 1.008 ms
time for GPU insert: 19.621 ms
time for retrieve_all: 10.426 ms
num threads: 8192
block_size = 512, time: 0.061 ms
block_size = 512, time: 0.051 ms
block_size = 512, time: 0.052 ms
block_size = 512, time: 0.051 ms
block_size = 512, time: 0.051 ms
block_size = 512, time: 0.051 ms
block_size = 512, time: 0.051 ms
block_size = 512, time: 0.052 ms
block_size = 512, time: 0.051 ms
block_size = 512, time: 0.051 ms

Total level time for L=4: 49.437 ms

Time after creating insert_keys and underl_values: 0.571 ms
Time after GPU make1lvlGrid: 0.009 ms
time after creating insert_values: 0.076 ms
time for GPU insert_vector_pointers: 14.692 ms
L = 5, block size 512
time after creating hashtable and ref: 0.989 ms
time for GPU insert: 19.616 ms
time for retrieve_all: 11.502 ms
num threads: 65536
block_size = 512, time: 0.07 ms
block_size = 512, time: 0.063 ms
block_size = 512, time: 0.062 ms
block_size = 512, time: 0.062 ms
block_size = 512, time: 0.062 ms
block_size = 512, time: 0.062 ms
block_size = 512, time: 0.063 ms
block_size = 512, time: 0.062 ms
block_size = 512, time: 0.062 ms
block_size = 512, time: 0.062 ms

Total level time for L=5: 50.481 ms

Time after creating insert_keys and underl_values: 1.558 ms
Time after GPU make1lvlGrid: 0.008 ms
time after creating insert_values: 1.008 ms
time for GPU insert_vector_pointers: 15.74 ms
L = 6, block size 512
time after creating hashtable and ref: 1.115 ms
time for GPU insert: 15.639 ms
time for retrieve_all: 9.095 ms
num threads: 524288
block_size = 512, time: 0.212 ms
block_size = 512, time: 0.197 ms
block_size = 512, time: 0.197 ms
block_size = 512, time: 0.205 ms
block_size = 512, time: 0.196 ms
block_size = 512, time: 0.199 ms
block_size = 512, time: 0.196 ms
block_size = 512, time: 0.199 ms
block_size = 512, time: 0.201 ms
block_size = 512, time: 0.198 ms

Total level time for L=6: 49.986 ms

Time after creating insert_keys and underl_values: 1.952 ms
Time after GPU make1lvlGrid: 0.009 ms
time after creating insert_values: 1.369 ms
time for GPU insert_vector_pointers: 8.34 ms
L = 7, block size 512
time after creating hashtable and ref: 0.59 ms
time for GPU insert: 11.186 ms
time for retrieve_all: 8.354 ms
num threads: 4194304
block_size = 512, time: 2.781 ms
block_size = 512, time: 2.779 ms
block_size = 512, time: 2.785 ms
block_size = 512, time: 2.78 ms
block_size = 512, time: 2.779 ms
block_size = 512, time: 2.781 ms
block_size = 512, time: 2.776 ms
block_size = 512, time: 2.776 ms
block_size = 512, time: 2.774 ms
block_size = 512, time: 2.79 ms

Total level time for L=7: 62.148 ms

Time after creating insert_keys and underl_values: 2.955 ms
Time after GPU make1lvlGrid: 0.009 ms
time after creating insert_values: 10.863 ms
time for GPU insert_vector_pointers: 8.971 ms
L = 8, block size 512
time after creating hashtable and ref: 0.515 ms
time for GPU insert: 13.739 ms
time for retrieve_all: 10.57 ms
num threads: 33554432
block_size = 512, time: 23.662 ms
block_size = 512, time: 23.651 ms
block_size = 512, time: 23.654 ms
block_size = 512, time: 23.644 ms
block_size = 512, time: 23.65 ms
block_size = 512, time: 23.658 ms
block_size = 512, time: 23.621 ms
block_size = 512, time: 23.649 ms
block_size = 512, time: 23.648 ms
block_size = 512, time: 23.642 ms

Total level time for L=8: 289.604 ms

Time after creating insert_keys and underl_values: 16.229 ms
Time after GPU make1lvlGrid: 0.01 ms
time after creating insert_values: 86.726 ms
time for GPU insert_vector_pointers: 10.199 ms
L = 9, block size 512
time after creating hashtable and ref: 0.881 ms
time for GPU insert: 35.027 ms
time for retrieve_all: 11.048 ms
num threads: 268435456
block_size = 512, time: 207.978 ms
block_size = 512, time: 205.541 ms
block_size = 512, time: 205.491 ms
block_size = 512, time: 205.496 ms
block_size = 512, time: 205.516 ms
block_size = 512, time: 205.512 ms
block_size = 512, time: 205.502 ms
block_size = 512, time: 205.496 ms
block_size = 512, time: 205.515 ms
block_size = 512, time: 205.547 ms

Total level time for L=9: 2224.51 ms

Total time: 2946.14 ms
