amr gpu hashtable
Time after creating insert_keys and underl_values: 1540.11 ms
Time after GPU make1lvlGrid: 2.826 ms
time after creating insert_values: 0.041 ms
time for GPU insert_vector_pointers: 8.262 ms
L = 2, block size 512
time after creating hashtable and ref: 2.598 ms
time for GPU insert: 51.448 ms
num threads: 512
block_size = 512, time: 0.094 ms
block_size = 512, time: 0.038 ms
block_size = 512, time: 0.035 ms
block_size = 512, time: 0.035 ms
block_size = 512, time: 0.035 ms
block_size = 512, time: 0.036 ms
block_size = 512, time: 0.038 ms
block_size = 512, time: 0.036 ms
block_size = 512, time: 0.035 ms
block_size = 512, time: 0.036 ms

Total level time for L=2: 1625.91 ms

Time after creating insert_keys and underl_values: 0.715 ms
Time after GPU make1lvlGrid: 0.01 ms
time after creating insert_values: 0.029 ms
time for GPU insert_vector_pointers: 8.236 ms
L = 3, block size 512
time after creating hashtable and ref: 1091.02 ms
time for GPU insert: 30.369 ms
num threads: 1024
block_size = 512, time: 0.047 ms
block_size = 512, time: 0.03 ms
block_size = 512, time: 0.029 ms
block_size = 512, time: 0.028 ms
block_size = 512, time: 0.028 ms
block_size = 512, time: 0.028 ms
block_size = 512, time: 0.029 ms
block_size = 512, time: 0.029 ms
block_size = 512, time: 0.028 ms
block_size = 512, time: 0.028 ms

Total level time for L=3: 1150.28 ms

Time after creating insert_keys and underl_values: 0.928 ms
Time after GPU make1lvlGrid: 0.009 ms
time after creating insert_values: 0.017 ms
time for GPU insert_vector_pointers: 4.492 ms
L = 4, block size 512
time after creating hashtable and ref: 1025.86 ms
time for GPU insert: 30.374 ms
num threads: 5120
block_size = 512, time: 0.055 ms
block_size = 512, time: 0.031 ms
block_size = 512, time: 0.03 ms
block_size = 512, time: 0.03 ms
block_size = 512, time: 0.03 ms
block_size = 512, time: 0.03 ms
block_size = 512, time: 0.03 ms
block_size = 512, time: 0.029 ms
block_size = 512, time: 0.032 ms
block_size = 512, time: 0.03 ms

Total level time for L=4: 1081.63 ms

Time after creating insert_keys and underl_values: 0.907 ms
Time after GPU make1lvlGrid: 0.01 ms
time after creating insert_values: 0.017 ms
time for GPU insert_vector_pointers: 4.493 ms
L = 5, block size 512
time after creating hashtable and ref: 1025.97 ms
time for GPU insert: 30.388 ms
num threads: 37888
block_size = 512, time: 0.046 ms
block_size = 512, time: 0.035 ms
block_size = 512, time: 0.034 ms
block_size = 512, time: 0.033 ms
block_size = 512, time: 0.034 ms
block_size = 512, time: 0.033 ms
block_size = 512, time: 0.033 ms
block_size = 512, time: 0.033 ms
block_size = 512, time: 0.033 ms
block_size = 512, time: 0.034 ms

Total level time for L=5: 1081.72 ms

Time after creating insert_keys and underl_values: 1.985 ms
Time after GPU make1lvlGrid: 0.009 ms
time after creating insert_values: 1.037 ms
time for GPU insert_vector_pointers: 5.535 ms
L = 6, block size 512
time after creating hashtable and ref: 1022.44 ms
time for GPU insert: 30.446 ms
num threads: 300032
block_size = 512, time: 0.124 ms
block_size = 512, time: 0.114 ms
block_size = 512, time: 0.113 ms
block_size = 512, time: 0.114 ms
block_size = 512, time: 0.114 ms
block_size = 512, time: 0.114 ms
block_size = 512, time: 0.114 ms
block_size = 512, time: 0.113 ms
block_size = 512, time: 0.115 ms
block_size = 512, time: 0.115 ms

Total level time for L=6: 1082.2 ms

Time after creating insert_keys and underl_values: 1.833 ms
Time after GPU make1lvlGrid: 0.01 ms
time after creating insert_values: 0.983 ms
time for GPU insert_vector_pointers: 5.528 ms
L = 7, block size 512
time after creating hashtable and ref: 1024.17 ms
time for GPU insert: 30.784 ms
num threads: 2397184
block_size = 512, time: 0.695 ms
block_size = 512, time: 0.681 ms
block_size = 512, time: 0.68 ms
block_size = 512, time: 0.678 ms
block_size = 512, time: 0.686 ms
block_size = 512, time: 0.688 ms
block_size = 512, time: 0.68 ms
block_size = 512, time: 0.681 ms
block_size = 512, time: 0.683 ms
block_size = 512, time: 0.681 ms

Total level time for L=7: 1089.74 ms

Time after creating insert_keys and underl_values: 2.302 ms
Time after GPU make1lvlGrid: 0.018 ms
time after creating insert_values: 2.302 ms
time for GPU insert_vector_pointers: 4.81 ms
L = 8, block size 512
time after creating hashtable and ref: 1022.54 ms
time for GPU insert: 33.487 ms
num threads: 19174400
block_size = 512, time: 6.151 ms
block_size = 512, time: 6.14 ms
block_size = 512, time: 6.134 ms
block_size = 512, time: 6.135 ms
block_size = 512, time: 6.132 ms
block_size = 512, time: 6.134 ms
block_size = 512, time: 6.135 ms
block_size = 512, time: 6.133 ms
block_size = 512, time: 6.134 ms
block_size = 512, time: 6.133 ms

Total level time for L=8: 1146.41 ms

Time after creating insert_keys and underl_values: 1034.37 ms
Time after GPU make1lvlGrid: 0.012 ms
time after creating insert_values: 18.287 ms
time for GPU insert_vector_pointers: 5.328 ms
L = 9, block size 512
terminate called after throwing an instance of 'cuco::cuda_error'
  what():  CUDA error at: ./cuco/utility/allocator.hpp51: cudaErrorMemoryAllocation out of memory
