amr gpu hashtable
Time after creating insert_keys and underl_values: 104.947 ms
Time after GPU make1lvlGrid: 2.903 ms
time after creating insert_values: 0.048 ms
time for GPU insert_vector_pointers: 66.711 ms
L = 2, block size 512
time after creating hashtable and ref: 1.178 ms
time for GPU insert: 80.255 ms
num threads: 512
block_size = 512, time: 0.088 ms
block_size = 512, time: 0.033 ms
block_size = 512, time: 0.031 ms
block_size = 512, time: 0.031 ms
block_size = 512, time: 0.031 ms
block_size = 512, time: 0.032 ms
block_size = 512, time: 0.031 ms
block_size = 512, time: 0.031 ms
block_size = 512, time: 0.031 ms
block_size = 512, time: 0.031 ms

Total level time for L=2: 266.434 ms

Time after creating insert_keys and underl_values: 0.903 ms
Time after GPU make1lvlGrid: 0.01 ms
time after creating insert_values: 0.024 ms
time for GPU insert_vector_pointers: 54.555 ms
L = 3, block size 512
time after creating hashtable and ref: 1.195 ms
time for GPU insert: 72.784 ms
num threads: 1024
block_size = 512, time: 0.053 ms
block_size = 512, time: 0.039 ms
block_size = 512, time: 0.038 ms
block_size = 512, time: 0.038 ms
block_size = 512, time: 0.038 ms
block_size = 512, time: 0.041 ms
block_size = 512, time: 0.037 ms
block_size = 512, time: 0.037 ms
block_size = 512, time: 0.038 ms
block_size = 512, time: 0.037 ms

Total level time for L=3: 139.889 ms

Time after creating insert_keys and underl_values: 0.694 ms
Time after GPU make1lvlGrid: 0.013 ms
time after creating insert_values: 0.024 ms
time for GPU insert_vector_pointers: 41.136 ms
L = 4, block size 512
time after creating hashtable and ref: 389.273 ms
time for GPU insert: 49.137 ms
num threads: 5120
block_size = 512, time: 0.044 ms
block_size = 512, time: 0.031 ms
block_size = 512, time: 0.03 ms
block_size = 512, time: 0.03 ms
block_size = 512, time: 0.029 ms
block_size = 512, time: 0.029 ms
block_size = 512, time: 0.03 ms
block_size = 512, time: 0.029 ms
block_size = 512, time: 0.029 ms
block_size = 512, time: 0.029 ms

Total level time for L=4: 490.516 ms

Time after creating insert_keys and underl_values: 0.379 ms
Time after GPU make1lvlGrid: 0.009 ms
time after creating insert_values: 0.017 ms
time for GPU insert_vector_pointers: 35.773 ms
L = 5, block size 512
time after creating hashtable and ref: 412.494 ms
time for GPU insert: 49.101 ms
num threads: 37888
block_size = 512, time: 0.047 ms
block_size = 512, time: 0.035 ms
block_size = 512, time: 0.034 ms
block_size = 512, time: 0.033 ms
block_size = 512, time: 0.033 ms
block_size = 512, time: 0.034 ms
block_size = 512, time: 0.033 ms
block_size = 512, time: 0.033 ms
block_size = 512, time: 0.033 ms
block_size = 512, time: 0.034 ms

Total level time for L=5: 508.042 ms

Time after creating insert_keys and underl_values: 1.431 ms
Time after GPU make1lvlGrid: 0.009 ms
time after creating insert_values: 1.04 ms
time for GPU insert_vector_pointers: 36.814 ms
L = 6, block size 512
time after creating hashtable and ref: 407.302 ms
time for GPU insert: 49.188 ms
num threads: 300032
block_size = 512, time: 0.127 ms
block_size = 512, time: 0.116 ms
block_size = 512, time: 0.115 ms
block_size = 512, time: 0.115 ms
block_size = 512, time: 0.117 ms
block_size = 512, time: 0.115 ms
block_size = 512, time: 0.116 ms
block_size = 512, time: 0.114 ms
block_size = 512, time: 0.115 ms
block_size = 512, time: 0.114 ms

Total level time for L=6: 506.868 ms

Time after creating insert_keys and underl_values: 1.44 ms
Time after GPU make1lvlGrid: 0.009 ms
time after creating insert_values: 0.985 ms
time for GPU insert_vector_pointers: 36.809 ms
L = 7, block size 512
time after creating hashtable and ref: 409.397 ms
time for GPU insert: 49.566 ms
num threads: 2397184
block_size = 512, time: 0.697 ms
block_size = 512, time: 0.688 ms
block_size = 512, time: 0.689 ms
block_size = 512, time: 0.686 ms
block_size = 512, time: 0.688 ms
block_size = 512, time: 0.686 ms
block_size = 512, time: 0.685 ms
block_size = 512, time: 0.686 ms
block_size = 512, time: 0.685 ms
block_size = 512, time: 0.686 ms

Total level time for L=7: 515.004 ms

Time after creating insert_keys and underl_values: 2.105 ms
Time after GPU make1lvlGrid: 0.013 ms
time after creating insert_values: 2.291 ms
time for GPU insert_vector_pointers: 36.098 ms
L = 8, block size 512
time after creating hashtable and ref: 399.909 ms
time for GPU insert: 52.259 ms
num threads: 19174400
block_size = 512, time: 6.353 ms
block_size = 512, time: 6.339 ms
block_size = 512, time: 6.341 ms
block_size = 512, time: 6.335 ms
block_size = 512, time: 6.332 ms
block_size = 512, time: 6.341 ms
block_size = 512, time: 6.334 ms
block_size = 512, time: 6.333 ms
block_size = 512, time: 6.33 ms
block_size = 512, time: 6.346 ms

Total level time for L=8: 566.064 ms

Time after creating insert_keys and underl_values: 385.08 ms
Time after GPU make1lvlGrid: 0.012 ms
time after creating insert_values: 18.307 ms
time for GPU insert_vector_pointers: 36.954 ms
L = 9, block size 512
time after creating hashtable and ref: 451.665 ms
time for GPU insert: 72.074 ms
num threads: 153392128
block_size = 512, time: 66.735 ms
block_size = 512, time: 66.788 ms
block_size = 512, time: 66.832 ms
block_size = 512, time: 66.771 ms
block_size = 512, time: 66.958 ms
block_size = 512, time: 67.016 ms
block_size = 512, time: 66.985 ms
block_size = 512, time: 66.973 ms
block_size = 512, time: 67.017 ms
block_size = 512, time: 66.943 ms

Total level time for L=9: 1643.26 ms

Total time: 4641.26 ms
