amr gpu hashtable
Time after creating insert_keys and underl_values: 110.67 ms
Time after GPU make1lvlGrid: 2.871 ms
time after creating insert_values: 0.046 ms
time for GPU insert_vector_pointers: 14.698 ms
L = 2, block size 512
time after creating hashtable and ref: 0.527 ms
time for GPU insert: 18.953 ms
num threads: 512
block_size = 512, time: 0.091 ms
block_size = 512, time: 0.038 ms
block_size = 512, time: 0.036 ms
block_size = 512, time: 0.035 ms
block_size = 512, time: 0.036 ms
block_size = 512, time: 0.036 ms
block_size = 512, time: 0.035 ms
block_size = 512, time: 0.04 ms
block_size = 512, time: 0.035 ms
block_size = 512, time: 0.036 ms

Total level time for L=2: 150.541 ms

Time after creating insert_keys and underl_values: 0.924 ms
Time after GPU make1lvlGrid: 0.009 ms
time after creating insert_values: 0.029 ms
time for GPU insert_vector_pointers: 14.691 ms
L = 3, block size 512
time after creating hashtable and ref: 1.039 ms
time for GPU insert: 19.177 ms
num threads: 1024
block_size = 512, time: 0.059 ms
block_size = 512, time: 0.044 ms
block_size = 512, time: 0.044 ms
block_size = 512, time: 0.042 ms
block_size = 512, time: 0.042 ms
block_size = 512, time: 0.043 ms
block_size = 512, time: 0.042 ms
block_size = 512, time: 0.043 ms
block_size = 512, time: 0.042 ms
block_size = 512, time: 0.043 ms

Total level time for L=3: 38.64 ms

Time after creating insert_keys and underl_values: 1.078 ms
Time after GPU make1lvlGrid: 0.008 ms
time after creating insert_values: 0.03 ms
time for GPU insert_vector_pointers: 14.692 ms
L = 4, block size 512
time after creating hashtable and ref: 1.04 ms
time for GPU insert: 19.625 ms
num threads: 5120
block_size = 512, time: 0.06 ms
block_size = 512, time: 0.046 ms
block_size = 512, time: 0.044 ms
block_size = 512, time: 0.044 ms
block_size = 512, time: 0.044 ms
block_size = 512, time: 0.043 ms
block_size = 512, time: 0.043 ms
block_size = 512, time: 0.043 ms
block_size = 512, time: 0.047 ms
block_size = 512, time: 0.047 ms

Total level time for L=4: 39.936 ms

Time after creating insert_keys and underl_values: 0.988 ms
Time after GPU make1lvlGrid: 0.009 ms
time after creating insert_values: 0.03 ms
time for GPU insert_vector_pointers: 14.692 ms
L = 5, block size 512
time after creating hashtable and ref: 1.037 ms
time for GPU insert: 19.617 ms
num threads: 37888
block_size = 512, time: 0.066 ms
block_size = 512, time: 0.053 ms
block_size = 512, time: 0.052 ms
block_size = 512, time: 0.054 ms
block_size = 512, time: 0.052 ms
block_size = 512, time: 0.051 ms
block_size = 512, time: 0.051 ms
block_size = 512, time: 0.051 ms
block_size = 512, time: 0.051 ms
block_size = 512, time: 0.051 ms

Total level time for L=5: 39.229 ms

Time after creating insert_keys and underl_values: 1.614 ms
Time after GPU make1lvlGrid: 0.009 ms
time after creating insert_values: 1.039 ms
time for GPU insert_vector_pointers: 15.74 ms
L = 6, block size 512
time after creating hashtable and ref: 1.111 ms
time for GPU insert: 19.706 ms
num threads: 300032
block_size = 512, time: 0.202 ms
block_size = 512, time: 0.192 ms
block_size = 512, time: 0.189 ms
block_size = 512, time: 0.188 ms
block_size = 512, time: 0.191 ms
block_size = 512, time: 0.188 ms
block_size = 512, time: 0.189 ms
block_size = 512, time: 0.189 ms
block_size = 512, time: 0.19 ms
block_size = 512, time: 0.189 ms

Total level time for L=6: 43.46 ms

Time after creating insert_keys and underl_values: 2.139 ms
Time after GPU make1lvlGrid: 0.009 ms
time after creating insert_values: 0.94 ms
time for GPU insert_vector_pointers: 15.73 ms
L = 7, block size 512
time after creating hashtable and ref: 1.11 ms
time for GPU insert: 20.105 ms
num threads: 2397184
block_size = 512, time: 1.213 ms
block_size = 512, time: 1.204 ms
block_size = 512, time: 1.201 ms
block_size = 512, time: 1.206 ms
block_size = 512, time: 1.199 ms
block_size = 512, time: 1.207 ms
block_size = 512, time: 1.205 ms
block_size = 512, time: 1.21 ms
block_size = 512, time: 1.2 ms
block_size = 512, time: 1.209 ms

Total level time for L=7: 55.802 ms

Time after creating insert_keys and underl_values: 2.584 ms
Time after GPU make1lvlGrid: 0.013 ms
time after creating insert_values: 4.136 ms
time for GPU insert_vector_pointers: 14.897 ms
L = 8, block size 512
time after creating hashtable and ref: 1.034 ms
time for GPU insert: 21.005 ms
num threads: 19174400
block_size = 512, time: 6.806 ms
block_size = 512, time: 6.803 ms
block_size = 512, time: 6.798 ms
block_size = 512, time: 6.803 ms
block_size = 512, time: 6.807 ms
block_size = 512, time: 6.817 ms
block_size = 512, time: 6.81 ms
block_size = 512, time: 6.815 ms
block_size = 512, time: 6.813 ms
block_size = 512, time: 6.816 ms

Total level time for L=8: 114.051 ms

Time after creating insert_keys and underl_values: 6.72 ms
Time after GPU make1lvlGrid: 0.01 ms
time after creating insert_values: 18.268 ms
time for GPU insert_vector_pointers: 10.154 ms
L = 9, block size 512
time after creating hashtable and ref: 0.879 ms
time for GPU insert: 35.021 ms
num threads: 153392128
block_size = 512, time: 100.803 ms
block_size = 512, time: 100.887 ms
block_size = 512, time: 100.817 ms
block_size = 512, time: 100.852 ms
block_size = 512, time: 100.766 ms
block_size = 512, time: 97.426 ms
block_size = 512, time: 97.339 ms
block_size = 512, time: 97.419 ms
block_size = 512, time: 97.35 ms
block_size = 512, time: 97.266 ms

Total level time for L=9: 1071.42 ms

Total time: 1558.52 ms
