amr gpu matrix
Making base grid
num_inserted 73

Calculating gradients

cell 1 1 1 2; calcGradCell0 index 30 
is_notref 1 ni 5 nj 0 nk 0 exists 0 is_border 0  i 4 j 0 k 0
is_notref 1 ni 5 nj 0 nk 1 exists 0 is_border 0  i 4 j 0 k 1
is_notref 1 ni 5 nj 0 nk 2 exists 0 is_border 0  i 4 j 0 k 2
is_notref 1 ni 5 nj 0 nk 3 exists 0 is_border 0  i 4 j 0 k 3
is_notref 1 ni 5 nj 1 nk 0 exists 0 is_border 0  i 4 j 1 k 0
is_notref 1 ni 5 nj 1 nk 1 exists 0 is_border 0  i 4 j 1 k 1
is_notref 1 ni 5 nj 1 nk 2 exists 0 is_border 0  i 4 j 1 k 2
is_notref 1 ni 5 nj 1 nk 3 exists 0 is_border 0  i 4 j 1 k 3
is_notref 1 ni 5 nj 2 nk 0 exists 0 is_border 0  i 4 j 2 k 0
cell 1 1 1 2; idx_neighbor i 0 j 1 k 1 L 2  dir 0 pos 0 rho_neighbor 11.762835
is_notref 1 ni 4 nj 0 nk 0 exists 0 is_border 0  i 4 j 1 k 0
is_notref 1 ni 4 nj 0 nk 1 exists 0 is_border 0  i 4 j 1 k 1
is_notref 1 ni 4 nj 0 nk 2 exists 0 is_border 0  i 4 j 1 k 2
is_notref 1 ni 4 nj 0 nk 3 exists 0 is_border 0  i 4 j 1 k 3
is_notref 1 ni 4 nj 1 nk 0 exists 0 is_border 0  i 4 j 2 k 0
cell 1 1 1 2; idx_neighbor i 2 j 1 k 1 L 2  dir 0 pos 1 rho_neighbor 6093.299223
[4, 0, 0](L=2)[4, 0, 1](L=2)[4, 0, 2](L=2)[4, 0, 3](L=2)
ERROR: offset + index >= num_inserted; neigh_offset 9 neigh_index 64 num_inserted 73
ERROR: offset + index >= num_inserted; neigh_offset 9 neigh_index 65 num_inserted 73
ERROR: offset + index >= num_inserted; neigh_offset 9 neigh_index 66 num_inserted 73
ERROR: offset + index >= num_inserted; neigh_offset 9 neigh_index 67 num_inserted 73cell 1 1 1 2; calcGradCell dir 0 rho0 11.76 rho1 6093.30 rho2 6093.30 fd_case 3 
is_notref 1 ni 4 nj 1 nk 0 exists 0 is_border 0  i 4 j 0 k 0
is_notref 1 ni 4 nj 1 nk 1 exists 0 is_border 0  i 4 j 0 k 1
is_notref 1 ni 4 nj 1 nk 2 exists 0 is_border 0  i 4 j 0 k 2
is_notref 1 ni 4 nj 1 nk 3 exists 0 is_border 0  i 4 j 0 k 3
is_notref 1 ni 4 nj 2 nk 0 exists 0 is_border 0  i 4 j 1 k 0
is_notref 1 ni 4 nj 2 nk 1 exists 0 is_border 0  i 4 j 1 k 1
is_notref 1 ni 4 nj 2 nk 2 exists 0 is_border 0  i 4 j 1 k 2
is_notref 1 ni 4 nj 2 nk 3 exists 0 is_border 0  i 4 j 1 k 3
is_notref 1 ni 4 nj 3 nk 0 exists 0 is_border 0  i 4 j 2 k 0
cell 1 1 1 2; idx_neighbor i 1 j 0 k 1 L 2  dir 1 pos 0 rho_neighbor 11.762835
is_notref 1 ni 4 nj 0 nk 0 exists 0 is_border 0  i 4 j 0 k 1
is_notref 1 ni 4 nj 0 nk 1 exists 0 is_border 0  i 4 j 0 k 2
is_notref 1 ni 4 nj 0 nk 2 exists 0 is_border 0  i 4 j 0 k 3
is_notref 1 ni 4 nj 1 nk 0 exists 0 is_border 0  i 4 j 1 k 1
is_notref 1 ni 4 nj 1 nk 1 exists 0 is_border 0  i 4 j 1 k 2
is_notref 1 ni 4 nj 1 nk 2 exists 0 is_border 0  i 4 j 1 k 3
cell 1 1 1 2; idx_neighbor i 1 j 2 k 1 L 2  dir 1 pos 1 rho_neighbor 6093.299223
[4, 0, 0](L=2)[4, 1, 0](L=2)[4, 2, 0](L=2)cell 1 1 1 2; calcGradCell dir 1 rho0 11.76 rho1 6093.30 rho2 6093.30 fd_case 3 

ERROR: offset + index >= num_inserted; neigh_offset 9 neigh_index 64 num_inserted 73
ERROR: offset + index >= num_inserted; neigh_offset 9 neigh_index 68 num_inserted 73
ERROR: offset + index >= num_inserted; neigh_offset 9 neigh_index 72 num_inserted 73cell 1 1 1 2; idx_neighbor i 1 j 1 k 0 L 2  dir 2 pos 0 rho_neighbor 11.762835
is_notref 1 ni 4 nj 0 nk 1 exists 0 is_border 0  i 4 j 0 k 0
is_notref 1 ni 4 nj 0 nk 2 exists 0 is_border 0  i 4 j 0 k 1
is_notref 1 ni 4 nj 0 nk 3 exists 0 is_border 0  i 4 j 0 k 2
is_notref 1 ni 4 nj 1 nk 1 exists 0 is_border 0  i 4 j 1 k 0
is_notref 1 ni 4 nj 1 nk 2 exists 0 is_border 0  i 4 j 1 k 1
is_notref 1 ni 4 nj 1 nk 3 exists 0 is_border 0  i 4 j 1 k 2
is_notref 1 ni 4 nj 2 nk 1 exists 0 is_border 0  i 4 j 2 k 0
cell 1 1 1 2; idx_neighbor i 1 j 1 k 2 L 2  dir 2 pos 1 rho_neighbor 6093.299223
[4, 0, 3](L=2)[4, 1, 3](L=2)cell 1 1 1 2; calcGradCell dir 2 rho0 11.76 rho1 6093.30 rho2 6093.30 fd_case 3 

ERROR: offset + index >= num_inserted; neigh_offset 9 neigh_index 67 num_inserted 73
ERROR: offset + index >= num_inserted; neigh_offset 9 neigh_index 71 num_inserted 7322 ms


GPU hashmap num_keys 73
GPU [0, 0, 0](L=2) 0 9 [0.00, 0.05, 0.05, 0.05](Leaf=-1)
GPU [0, 0, 1](L=2) 1 9 [0.02, 28.20, 28.20, 0.05](Leaf=-1)
GPU [0, 0, 2](L=2) 2 9 [0.02, 28.20, 28.20, -0.05](Leaf=-1)
GPU [0, 0, 3](L=2) 3 9 [0.00, 0.05, 0.05, -0.05](Leaf=-1)
GPU [0, 1, 0](L=2) 4 9 [0.02, 28.20, 0.05, 28.20](Leaf=-1)
GPU [0, 1, 1](L=2) 5 9 [11.76, 14608.23, 23.48, 23.48](Leaf=-1)
GPU [0, 1, 2](L=2) 6 9 [11.76, 14608.23, 23.48, -23.48](Leaf=-1)
GPU [0, 1, 3](L=2) 7 9 [0.02, 28.20, 0.05, -28.20](Leaf=-1)
GPU [0, 2, 0](L=2) 8 9 [0.02, 28.20, -0.05, 28.20](Leaf=-1)
GPU [0, 2, 1](L=2) 9 9 [11.76, 14608.23, -23.48, 23.48](Leaf=-1)
GPU [0, 2, 2](L=2) 10 9 [11.76, 14608.23, -23.48, -23.48](Leaf=-1)
GPU [0, 2, 3](L=2) 11 9 [0.02, 28.20, -0.05, -28.20](Leaf=-1)
GPU [0, 3, 0](L=2) 12 9 [0.00, 0.05, -0.05, 0.05](Leaf=-1)
GPU [0, 3, 1](L=2) 13 9 [0.02, 28.20, -28.20, 0.05](Leaf=-1)
GPU [0, 3, 2](L=2) 14 9 [0.02, 28.20, -28.20, -0.05](Leaf=-1)
GPU [0, 3, 3](L=2) 15 9 [0.00, 0.05, -0.05, -0.05](Leaf=-1)
GPU [1, 0, 0](L=2) 16 9 [0.02, 0.05, 28.20, 28.20](Leaf=-1)
GPU [1, 0, 1](L=2) 17 9 [11.76, 23.48, 14608.23, 23.48](Leaf=-1)
GPU [1, 0, 2](L=2) 18 9 [11.76, 23.48, 14608.23, -23.48](Leaf=-1)
GPU [1, 0, 3](L=2) 19 9 [0.02, 0.05, 28.20, -28.20](Leaf=-1)
GPU [1, 1, 0](L=2) 20 9 [11.76, 23.48, 23.48, 14608.23](Leaf=-1)
GPU [1, 1, 1](L=2) 21 9 [6093.30, 12163.07, 12163.07, 12163.07](Leaf=-1)
GPU [1, 1, 2](L=2) 22 9 [6093.30, 12163.07, 12163.07, -12163.07](Leaf=-1)
GPU [1, 1, 3](L=2) 23 9 [11.76, 23.48, 23.48, -14608.23](Leaf=-1)
GPU [1, 2, 0](L=2) 24 9 [11.76, 23.48, -23.48, 14608.23](Leaf=-1)
GPU [1, 2, 1](L=2) 25 9 [6093.30, 12163.07, -12163.07, 12163.07](Leaf=-1)
GPU [1, 2, 2](L=2) 26 9 [6093.30, 12163.07, -12163.07, -12163.07](Leaf=-1)
GPU [1, 2, 3](L=2) 27 9 [11.76, 23.48, -23.48, -14608.23](Leaf=-1)
GPU [1, 3, 0](L=2) 28 9 [0.02, 0.05, -28.20, 28.20](Leaf=-1)
GPU [1, 3, 1](L=2) 29 9 [11.76, 23.48, -14608.23, 23.48](Leaf=-1)
GPU [1, 3, 2](L=2) 30 9 [11.76, 23.48, -14608.23, -23.48](Leaf=-1)
GPU [1, 3, 3](L=2) 31 9 [0.02, 0.05, -28.20, -28.20](Leaf=-1)
GPU [2, 0, 0](L=2) 32 9 [0.02, -0.05, 28.20, 28.20](Leaf=-1)
GPU [2, 0, 1](L=2) 33 9 [11.76, -23.48, 14608.23, 23.48](Leaf=-1)
GPU [2, 0, 2](L=2) 34 9 [11.76, -23.48, 14608.23, -23.48](Leaf=-1)
GPU [2, 0, 3](L=2) 35 9 [0.02, -0.05, 28.20, -28.20](Leaf=-1)
GPU [2, 1, 0](L=2) 36 9 [11.76, -23.48, 23.48, 14608.23](Leaf=-1)
GPU [2, 1, 1](L=2) 37 9 [6093.30, -12163.07, 12163.07, 12163.07](Leaf=-1)
GPU [2, 1, 2](L=2) 38 9 [6093.30, -12163.07, 12163.07, -12163.07](Leaf=-1)
GPU [2, 1, 3](L=2) 39 9 [11.76, -23.48, 23.48, -14608.23](Leaf=-1)
GPU [2, 2, 0](L=2) 40 9 [11.76, -23.48, -23.48, 14608.23](Leaf=-1)
GPU [2, 2, 1](L=2) 41 9 [6093.30, -12163.07, -12163.07, 12163.07](Leaf=-1)
GPU [2, 2, 2](L=2) 42 9 [6093.30, -12163.07, -12163.07, -12163.07](Leaf=-1)
GPU [2, 2, 3](L=2) 43 9 [11.76, -23.48, -23.48, -14608.23](Leaf=-1)
GPU [2, 3, 0](L=2) 44 9 [0.02, -0.05, -28.20, 28.20](Leaf=-1)
GPU [2, 3, 1](L=2) 45 9 [11.76, -23.48, -14608.23, 23.48](Leaf=-1)
GPU [2, 3, 2](L=2) 46 9 [11.76, -23.48, -14608.23, -23.48](Leaf=-1)
GPU [2, 3, 3](L=2) 47 9 [0.02, -0.05, -28.20, -28.20](Leaf=-1)
GPU [3, 0, 0](L=2) 48 9 [0.00, -0.05, 0.05, 0.05](Leaf=-1)
GPU [3, 0, 1](L=2) 49 9 [0.02, -28.20, 28.20, 0.05](Leaf=-1)
GPU [3, 0, 2](L=2) 50 9 [0.02, -28.20, 28.20, -0.05](Leaf=-1)
GPU [3, 0, 3](L=2) 51 9 [0.00, -0.05, 0.05, -0.05](Leaf=-1)
GPU [3, 1, 0](L=2) 52 9 [0.02, -28.20, 0.05, 28.20](Leaf=-1)
GPU [3, 1, 1](L=2) 53 9 [11.76, -14608.23, 23.48, 23.48](Leaf=-1)
GPU [3, 1, 2](L=2) 54 9 [11.76, -14608.23, 23.48, -23.48](Leaf=-1)
GPU [3, 1, 3](L=2) 55 9 [0.02, -28.20, 0.05, -28.20](Leaf=-1)
GPU [3, 2, 0](L=2) 56 9 [0.02, -28.20, -0.05, 28.20](Leaf=-1)
GPU [3, 2, 1](L=2) 57 9 [11.76, -14608.23, -23.48, 23.48](Leaf=-1)
GPU [3, 2, 2](L=2) 58 9 [11.76, -14608.23, -23.48, -23.48](Leaf=-1)
GPU [3, 2, 3](L=2) 59 9 [0.02, -28.20, -0.05, -28.20](Leaf=-1)
GPU [3, 3, 0](L=2) 60 9 [0.00, -0.05, -0.05, 0.05](Leaf=-1)
GPU [3, 3, 1](L=2) 61 9 [0.02, -28.20, -28.20, 0.05](Leaf=-1)
GPU [3, 3, 2](L=2) 62 9 [0.02, -28.20, -28.20, -0.05](Leaf=-1)
GPU [3, 3, 3](L=2) 63 9 [0.00, -0.05, -0.05, -0.05](Leaf=-1)
