amr gpu matrix
Time after device_vector creation: 457.079 ms
Time after makeBaseGrid: 0.512 ms
L = 2, block size 512
num threads: 512
block_size = 512, time: 0.036 ms
block_size = 512, time: 0.013 ms
block_size = 512, time: 0.013 ms
block_size = 512, time: 0.013 ms
block_size = 512, time: 0.013 ms
block_size = 512, time: 0.013 ms
block_size = 512, time: 0.013 ms
block_size = 512, time: 0.013 ms
block_size = 512, time: 0.013 ms
block_size = 512, time: 0.013 ms

Total level time for L=2: 457.799 ms

Time after device_vector creation: 0.99 ms
Time after makeBaseGrid: 0.02 ms
L = 3, block size 512
num threads: 1024
block_size = 512, time: 0.016 ms
block_size = 512, time: 0.016 ms
block_size = 512, time: 0.016 ms
block_size = 512, time: 0.016 ms
block_size = 512, time: 0.016 ms
block_size = 512, time: 0.016 ms
block_size = 512, time: 0.016 ms
block_size = 512, time: 0.016 ms
block_size = 512, time: 0.015 ms
block_size = 512, time: 0.016 ms

Total level time for L=3: 1.196 ms

Time after device_vector creation: 0.98 ms
Time after makeBaseGrid: 0.016 ms
L = 4, block size 512
num threads: 5120
block_size = 512, time: 0.016 ms
block_size = 512, time: 0.016 ms
block_size = 512, time: 0.016 ms
block_size = 512, time: 0.016 ms
block_size = 512, time: 0.016 ms
block_size = 512, time: 0.016 ms
block_size = 512, time: 0.016 ms
block_size = 512, time: 0.015 ms
block_size = 512, time: 0.016 ms
block_size = 512, time: 0.016 ms

Total level time for L=4: 1.18 ms

Time after device_vector creation: 0.983 ms
Time after makeBaseGrid: 0.018 ms
L = 5, block size 512
num threads: 37888
block_size = 512, time: 0.017 ms
block_size = 512, time: 0.016 ms
block_size = 512, time: 0.016 ms
block_size = 512, time: 0.017 ms
block_size = 512, time: 0.017 ms
block_size = 512, time: 0.016 ms
block_size = 512, time: 0.016 ms
block_size = 512, time: 0.017 ms
block_size = 512, time: 0.017 ms
block_size = 512, time: 0.017 ms

Total level time for L=5: 1.192 ms

Time after device_vector creation: 1.023 ms
Time after makeBaseGrid: 0.031 ms
L = 6, block size 512
num threads: 300032
block_size = 512, time: 0.039 ms
block_size = 512, time: 0.038 ms
block_size = 512, time: 0.039 ms
block_size = 512, time: 0.038 ms
block_size = 512, time: 0.038 ms
block_size = 512, time: 0.038 ms
block_size = 512, time: 0.037 ms
block_size = 512, time: 0.037 ms
block_size = 512, time: 0.039 ms
block_size = 512, time: 0.037 ms

Total level time for L=6: 1.459 ms

Time after device_vector creation: 1.16 ms
Time after makeBaseGrid: 0.134 ms
L = 7, block size 512
num threads: 2397184
block_size = 512, time: 0.235 ms
block_size = 512, time: 0.235 ms
block_size = 512, time: 0.235 ms
block_size = 512, time: 0.235 ms
block_size = 512, time: 0.235 ms
block_size = 512, time: 0.235 ms
block_size = 512, time: 0.235 ms
block_size = 512, time: 0.235 ms
block_size = 512, time: 0.235 ms
block_size = 512, time: 0.235 ms

Total level time for L=7: 3.671 ms

Time after device_vector creation: 1.834 ms
Time after makeBaseGrid: 0.939 ms
L = 8, block size 512
num threads: 19174400
block_size = 512, time: 1.782 ms
block_size = 512, time: 1.782 ms
block_size = 512, time: 1.78 ms
block_size = 512, time: 1.781 ms
block_size = 512, time: 1.781 ms
block_size = 512, time: 1.781 ms
block_size = 512, time: 1.781 ms
block_size = 512, time: 1.781 ms
block_size = 512, time: 1.78 ms
block_size = 512, time: 1.781 ms

Total level time for L=8: 20.61 ms

Time after device_vector creation: 7.193 ms
Time after makeBaseGrid: 7.375 ms
L = 9, block size 512
num threads: 153392128
block_size = 512, time: 14.281 ms
block_size = 512, time: 14.284 ms
block_size = 512, time: 14.281 ms
block_size = 512, time: 14.285 ms
block_size = 512, time: 14.282 ms
block_size = 512, time: 14.384 ms
block_size = 512, time: 14.283 ms
block_size = 512, time: 14.281 ms
block_size = 512, time: 14.282 ms
block_size = 512, time: 14.281 ms

Total level time for L=9: 157.525 ms

Total time: 649.154 ms
