amr gpu matrix
Time after device_vector creation: 335.617 ms
Time after makeBaseGrid: 2.876 ms
L = 2, block size 512
num threads: 512
block_size = 512, time: 0.066 ms
block_size = 512, time: 0.03 ms
block_size = 512, time: 0.03 ms
block_size = 512, time: 0.03 ms
block_size = 512, time: 0.029 ms
block_size = 512, time: 0.029 ms
block_size = 512, time: 0.029 ms
block_size = 512, time: 0.03 ms
block_size = 512, time: 0.03 ms
block_size = 512, time: 0.03 ms

Total level time for L=2: 338.88 ms

Time after device_vector creation: 0.494 ms
Time after makeBaseGrid: 0.062 ms
L = 3, block size 512
num threads: 1024
block_size = 512, time: 0.065 ms
block_size = 512, time: 0.064 ms
block_size = 512, time: 0.064 ms
block_size = 512, time: 0.064 ms
block_size = 512, time: 0.063 ms
block_size = 512, time: 0.063 ms
block_size = 512, time: 0.065 ms
block_size = 512, time: 0.064 ms
block_size = 512, time: 0.061 ms
block_size = 512, time: 0.064 ms

Total level time for L=3: 1.225 ms

Time after device_vector creation: 0.22 ms
Time after makeBaseGrid: 0.066 ms
L = 4, block size 512
num threads: 8192
block_size = 512, time: 0.067 ms
block_size = 512, time: 0.067 ms
block_size = 512, time: 0.065 ms
block_size = 512, time: 0.066 ms
block_size = 512, time: 0.066 ms
block_size = 512, time: 0.065 ms
block_size = 512, time: 0.065 ms
block_size = 512, time: 0.065 ms
block_size = 512, time: 0.065 ms
block_size = 512, time: 0.065 ms

Total level time for L=4: 0.97 ms

Time after device_vector creation: 0.21 ms
Time after makeBaseGrid: 0.077 ms
L = 5, block size 512
num threads: 65536
block_size = 512, time: 0.079 ms
block_size = 512, time: 0.081 ms
block_size = 512, time: 0.084 ms
block_size = 512, time: 0.079 ms
block_size = 512, time: 0.08 ms
block_size = 512, time: 0.078 ms
block_size = 512, time: 0.079 ms
block_size = 512, time: 0.079 ms
block_size = 512, time: 0.08 ms
block_size = 512, time: 0.082 ms

Total level time for L=5: 1.117 ms

Time after device_vector creation: 1.147 ms
Time after makeBaseGrid: 0.347 ms
L = 6, block size 512
num threads: 524288
block_size = 512, time: 0.394 ms
block_size = 512, time: 0.399 ms
block_size = 512, time: 0.389 ms
block_size = 512, time: 0.398 ms
block_size = 512, time: 0.393 ms
block_size = 512, time: 0.395 ms
block_size = 512, time: 0.389 ms
block_size = 512, time: 0.403 ms
block_size = 512, time: 0.388 ms
block_size = 512, time: 0.396 ms

Total level time for L=6: 5.468 ms

Time after device_vector creation: 1.137 ms
Time after makeBaseGrid: 2.466 ms
L = 7, block size 512
num threads: 4194304
block_size = 512, time: 2.616 ms
block_size = 512, time: 2.598 ms
block_size = 512, time: 2.598 ms
block_size = 512, time: 2.603 ms
block_size = 512, time: 2.607 ms
block_size = 512, time: 2.605 ms
block_size = 512, time: 2.604 ms
block_size = 512, time: 2.602 ms
block_size = 512, time: 2.606 ms
block_size = 512, time: 2.607 ms

Total level time for L=7: 29.678 ms

Time after device_vector creation: 3.783 ms
Time after makeBaseGrid: 19.276 ms
L = 8, block size 512
num threads: 33554432
block_size = 512, time: 20.473 ms
block_size = 512, time: 20.505 ms
block_size = 512, time: 20.491 ms
block_size = 512, time: 20.467 ms
block_size = 512, time: 20.494 ms
block_size = 512, time: 20.417 ms
block_size = 512, time: 20.454 ms
block_size = 512, time: 20.471 ms
block_size = 512, time: 20.477 ms
block_size = 512, time: 20.478 ms

Total level time for L=8: 227.82 ms

Time after device_vector creation: 17.656 ms
Time after makeBaseGrid: 82.023 ms
L = 9, block size 512
num threads: 268435456
block_size = 512, time: 88.935 ms
block_size = 512, time: 89.046 ms
block_size = 512, time: 88.94 ms
block_size = 512, time: 88.962 ms
block_size = 512, time: 89.004 ms
block_size = 512, time: 88.977 ms
block_size = 512, time: 88.958 ms
block_size = 512, time: 89.014 ms
block_size = 512, time: 88.913 ms
block_size = 512, time: 88.908 ms

Total level time for L=9: 989.38 ms

Total time: 1599.7 ms
