Making base grid
HOST [0, 0, 0](L=0) 0 0 [63493.64, 0.00, 0.00, 0.00](Leaf=-1)
HOST [0, 0, 0](L=1) 0 1 [5.39, 0.00, 0.00, 0.00](Leaf=-1)
HOST [0, 0, 1](L=1) 1 1 [5.39, 0.00, 0.00, 0.00](Leaf=-1)
HOST [0, 1, 1](L=1) 2 1 [5.39, 0.00, 0.00, 0.00](Leaf=-1)
HOST [0, 1, 0](L=1) 3 1 [5.39, 0.00, 0.00, 0.00](Leaf=-1)
HOST [1, 1, 0](L=1) 4 1 [5.39, 0.00, 0.00, 0.00](Leaf=-1)
HOST [1, 1, 1](L=1) 5 1 [5.39, 0.00, 0.00, 0.00](Leaf=-1)
HOST [1, 0, 1](L=1) 6 1 [5.39, 0.00, 0.00, 0.00](Leaf=-1)
HOST [1, 0, 0](L=1) 7 1 [5.39, 0.00, 0.00, 0.00](Leaf=-1)
HOST [0, 0, 0](L=2) 0 9 [0.00, 0.00, 0.00, 0.00](Leaf=-1)
HOST [0, 1, 0](L=2) 1 9 [0.02, 0.00, 0.00, 0.00](Leaf=-1)
HOST [1, 1, 0](L=2) 2 9 [11.76, 0.00, 0.00, 0.00](Leaf=-1)
HOST [1, 0, 0](L=2) 3 9 [0.02, 0.00, 0.00, 0.00](Leaf=-1)
HOST [1, 0, 1](L=2) 4 9 [11.76, 0.00, 0.00, 0.00](Leaf=-1)
HOST [1, 1, 1](L=2) 5 9 [6093.30, 0.00, 0.00, 0.00](Leaf=-1)
HOST [0, 1, 1](L=2) 6 9 [11.76, 0.00, 0.00, 0.00](Leaf=-1)
HOST [0, 0, 1](L=2) 7 9 [0.02, 0.00, 0.00, 0.00](Leaf=-1)
HOST [0, 0, 2](L=2) 8 9 [0.02, 0.00, 0.00, 0.00](Leaf=-1)
HOST [0, 0, 3](L=2) 9 9 [0.00, 0.00, 0.00, 0.00](Leaf=-1)
HOST [1, 0, 3](L=2) 10 9 [0.02, 0.00, 0.00, 0.00](Leaf=-1)
HOST [1, 0, 2](L=2) 11 9 [11.76, 0.00, 0.00, 0.00](Leaf=-1)
HOST [1, 1, 2](L=2) 12 9 [6093.30, 0.00, 0.00, 0.00](Leaf=-1)
HOST [1, 1, 3](L=2) 13 9 [11.76, 0.00, 0.00, 0.00](Leaf=-1)
HOST [0, 1, 3](L=2) 14 9 [0.02, 0.00, 0.00, 0.00](Leaf=-1)
HOST [0, 1, 2](L=2) 15 9 [11.76, 0.00, 0.00, 0.00](Leaf=-1)
HOST [0, 2, 2](L=2) 16 9 [11.76, 0.00, 0.00, 0.00](Leaf=-1)
HOST [0, 2, 3](L=2) 17 9 [0.02, 0.00, 0.00, 0.00](Leaf=-1)
HOST [0, 3, 3](L=2) 18 9 [0.00, 0.00, 0.00, 0.00](Leaf=-1)
HOST [0, 3, 2](L=2) 19 9 [0.02, 0.00, 0.00, 0.00](Leaf=-1)
HOST [1, 3, 2](L=2) 20 9 [11.76, 0.00, 0.00, 0.00](Leaf=-1)
HOST [1, 3, 3](L=2) 21 9 [0.02, 0.00, 0.00, 0.00](Leaf=-1)
HOST [1, 2, 3](L=2) 22 9 [11.76, 0.00, 0.00, 0.00](Leaf=-1)
HOST [1, 2, 2](L=2) 23 9 [6093.30, 0.00, 0.00, 0.00](Leaf=-1)
HOST [1, 2, 1](L=2) 24 9 [6093.30, 0.00, 0.00, 0.00](Leaf=-1)
HOST [0, 2, 1](L=2) 25 9 [11.76, 0.00, 0.00, 0.00](Leaf=-1)
HOST [0, 3, 1](L=2) 26 9 [0.02, 0.00, 0.00, 0.00](Leaf=-1)
HOST [1, 3, 1](L=2) 27 9 [11.76, 0.00, 0.00, 0.00](Leaf=-1)
HOST [1, 3, 0](L=2) 28 9 [0.02, 0.00, 0.00, 0.00](Leaf=-1)
HOST [0, 3, 0](L=2) 29 9 [0.00, 0.00, 0.00, 0.00](Leaf=-1)
HOST [0, 2, 0](L=2) 30 9 [0.02, 0.00, 0.00, 0.00](Leaf=-1)
HOST [1, 2, 0](L=2) 31 9 [11.76, 0.00, 0.00, 0.00](Leaf=-1)
HOST [2, 2, 0](L=2) 32 9 [11.76, 0.00, 0.00, 0.00](Leaf=-1)
HOST [3, 2, 0](L=2) 33 9 [0.02, 0.00, 0.00, 0.00](Leaf=-1)
HOST [3, 3, 0](L=2) 34 9 [0.00, 0.00, 0.00, 0.00](Leaf=-1)
HOST [2, 3, 0](L=2) 35 9 [0.02, 0.00, 0.00, 0.00](Leaf=-1)
HOST [2, 3, 1](L=2) 36 9 [11.76, 0.00, 0.00, 0.00](Leaf=-1)
HOST [3, 3, 1](L=2) 37 9 [0.02, 0.00, 0.00, 0.00](Leaf=-1)
HOST [3, 2, 1](L=2) 38 9 [11.76, 0.00, 0.00, 0.00](Leaf=-1)
HOST [2, 2, 1](L=2) 39 9 [6093.30, 0.00, 0.00, 0.00](Leaf=-1)
HOST [2, 2, 2](L=2) 40 9 [6093.30, 0.00, 0.00, 0.00](Leaf=-1)
HOST [2, 2, 3](L=2) 41 9 [11.76, 0.00, 0.00, 0.00](Leaf=-1)
HOST [2, 3, 3](L=2) 42 9 [0.02, 0.00, 0.00, 0.00](Leaf=-1)
HOST [2, 3, 2](L=2) 43 9 [11.76, 0.00, 0.00, 0.00](Leaf=-1)
HOST [3, 3, 2](L=2) 44 9 [0.02, 0.00, 0.00, 0.00](Leaf=-1)
HOST [3, 3, 3](L=2) 45 9 [0.00, 0.00, 0.00, 0.00](Leaf=-1)
HOST [3, 2, 3](L=2) 46 9 [0.02, 0.00, 0.00, 0.00](Leaf=-1)
HOST [3, 2, 2](L=2) 47 9 [11.76, 0.00, 0.00, 0.00](Leaf=-1)
HOST [3, 1, 2](L=2) 48 9 [11.76, 0.00, 0.00, 0.00](Leaf=-1)
HOST [3, 1, 3](L=2) 49 9 [0.02, 0.00, 0.00, 0.00](Leaf=-1)
HOST [2, 1, 3](L=2) 50 9 [11.76, 0.00, 0.00, 0.00](Leaf=-1)
HOST [2, 1, 2](L=2) 51 9 [6093.30, 0.00, 0.00, 0.00](Leaf=-1)
HOST [2, 0, 2](L=2) 52 9 [11.76, 0.00, 0.00, 0.00](Leaf=-1)
HOST [2, 0, 3](L=2) 53 9 [0.02, 0.00, 0.00, 0.00](Leaf=-1)
HOST [3, 0, 3](L=2) 54 9 [0.00, 0.00, 0.00, 0.00](Leaf=-1)
HOST [3, 0, 2](L=2) 55 9 [0.02, 0.00, 0.00, 0.00](Leaf=-1)
HOST [3, 0, 1](L=2) 56 9 [0.02, 0.00, 0.00, 0.00](Leaf=-1)
HOST [3, 1, 1](L=2) 57 9 [11.76, 0.00, 0.00, 0.00](Leaf=-1)
HOST [2, 1, 1](L=2) 58 9 [6093.30, 0.00, 0.00, 0.00](Leaf=-1)
HOST [2, 0, 1](L=2) 59 9 [11.76, 0.00, 0.00, 0.00](Leaf=-1)
HOST [2, 0, 0](L=2) 60 9 [0.02, 0.00, 0.00, 0.00](Leaf=-1)
HOST [2, 1, 0](L=2) 61 9 [11.76, 0.00, 0.00, 0.00](Leaf=-1)
HOST [3, 1, 0](L=2) 62 9 [0.02, 0.00, 0.00, 0.00](Leaf=-1)
HOST [3, 0, 0](L=2) 63 9 [0.00, 0.00, 0.00, 0.00](Leaf=-1)
num_inserted 73

Calculating gradients

calcGrad print start 73 64 64 256 0
calcGrad print start 73 65 65 256 0
calcGrad print start 73 66 66 256 0
calcGrad print start 73 67 67 256 0
calcGrad print start 73 68 68 256 0
calcGrad print start 73 69 69 256 0
calcGrad print start 73 70 70 256 0
calcGrad print start 73 71 71 256 0
calcGrad print start 73 72 72 256 0
calcGrad print start 73 32 32 256 0
calcGrad print start 73 33 33 256 0
calcGrad print start 73 34 34 256 0
calcGrad print start 73 35 35 256 0
calcGrad print start 73 36 36 256 0
calcGrad print start 73 37 37 256 0
calcGrad print start 73 38 38 256 0
calcGrad print start 73 39 39 256 0
calcGrad print start 73 40 40 256 0
calcGrad print start 73 41 41 256 0
calcGrad print start 73 42 42 256 0
calcGrad print start 73 43 43 256 0
calcGrad print start 73 44 44 256 0
calcGrad print start 73 45 45 256 0
calcGrad print start 73 46 46 256 0
calcGrad print start 73 47 47 256 0
calcGrad print start 73 48 48 256 0
calcGrad print start 73 49 49 256 0
calcGrad print start 73 50 50 256 0
calcGrad print start 73 51 51 256 0
calcGrad print start 73 52 52 256 0
calcGrad print start 73 53 53 256 0
calcGrad print start 73 54 54 256 0
calcGrad print start 73 55 55 256 0
calcGrad print start 73 56 56 256 0
calcGrad print start 73 57 57 256 0
calcGrad print start 73 58 58 256 0
calcGrad print start 73 59 59 256 0
calcGrad print start 73 60 60 256 0
calcGrad print start 73 61 61 256 0
calcGrad print start 73 62 62 256 0
calcGrad print start 73 63 63 256 0
calcGrad print start 73 0 0 256 0
calcGrad print start 73 1 1 256 0
calcGrad print start 73 2 2 256 0
calcGrad print start 73 3 3 256 0
calcGrad print start 73 4 4 256 0
calcGrad print start 73 5 5 256 0
calcGrad print start 73 6 6 256 0
calcGrad print start 73 7 7 256 0
calcGrad print start 73 8 8 256 0
calcGrad print start 73 9 9 256 0
calcGrad print start 73 10 10 256 0
calcGrad print start 73 11 11 256 0
calcGrad print start 73 12 12 256 0
calcGrad print start 73 13 13 256 0
calcGrad print start 73 14 14 256 0
calcGrad print start 73 15 15 256 0
calcGrad print start 73 16 16 256 0
calcGrad print start 73 17 17 256 0
calcGrad print start 73 18 18 256 0
calcGrad print start 73 19 19 256 0
calcGrad print start 73 20 20 256 0
calcGrad print start 73 21 21 256 0
calcGrad print start 73 22 22 256 0
calcGrad print start 73 23 23 256 0
calcGrad print start 73 24 24 256 0
calcGrad print start 73 25 25 256 0
calcGrad print start 73 26 26 256 0
calcGrad print start 73 27 27 256 0
calcGrad print start 73 28 28 256 0
calcGrad print start 73 29 29 256 0
calcGrad print start 73 30 30 256 0
calcGrad print start 73 31 31 256 0
3 ms


GPU hashmap num_keys 73
GPU [0, 0, 0](L=0) 0 0 [63493.64, 0.00, 0.00, 0.00](Leaf=-1)
GPU [0, 0, 0](L=1) 0 1 [5.39, 2.87, 2.87, 2.87](Leaf=-1)
GPU [0, 0, 1](L=1) 1 1 [5.39, 2.87, 2.87, -2.87](Leaf=-1)
GPU [0, 1, 1](L=1) 2 1 [5.39, 2.87, -2.87, -2.87](Leaf=-1)
GPU [0, 1, 0](L=1) 3 1 [5.39, 2.87, -2.87, 2.87](Leaf=-1)
GPU [1, 1, 0](L=1) 4 1 [5.39, -2.87, -2.87, 2.87](Leaf=-1)
GPU [1, 1, 1](L=1) 5 1 [5.39, -2.87, -2.87, -2.87](Leaf=-1)
GPU [1, 0, 1](L=1) 6 1 [5.39, -2.87, 2.87, -2.87](Leaf=-1)
GPU [1, 0, 0](L=1) 7 1 [5.39, -2.87, 2.87, 2.87](Leaf=-1)
GPU [0, 0, 0](L=2) 0 9 [0.00, 0.05, 0.05, 0.05](Leaf=-1)
GPU [0, 1, 0](L=2) 1 9 [0.02, 28.20, 0.05, 28.20](Leaf=-1)
GPU [1, 1, 0](L=2) 2 9 [11.76, 23.48, 23.48, 14608.23](Leaf=-1)
GPU [1, 0, 0](L=2) 3 9 [0.02, 0.05, 28.20, 28.20](Leaf=-1)
GPU [1, 0, 1](L=2) 4 9 [11.76, 23.48, 14608.23, 23.48](Leaf=-1)
GPU [1, 1, 1](L=2) 5 9 [6093.30, 12163.07, 12163.07, 12163.07](Leaf=-1)
GPU [0, 1, 1](L=2) 6 9 [11.76, 14608.23, 23.48, 23.48](Leaf=-1)
GPU [0, 0, 1](L=2) 7 9 [0.02, 28.20, 28.20, 0.05](Leaf=-1)
GPU [0, 0, 2](L=2) 8 9 [0.02, 28.20, 28.20, -0.05](Leaf=-1)
GPU [0, 0, 3](L=2) 9 9 [0.00, 0.05, 0.05, -0.05](Leaf=-1)
GPU [1, 0, 3](L=2) 10 9 [0.02, 0.05, 28.20, -28.20](Leaf=-1)
GPU [1, 0, 2](L=2) 11 9 [11.76, 23.48, 14608.23, -23.48](Leaf=-1)
GPU [1, 1, 2](L=2) 12 9 [6093.30, 12163.07, 12163.07, -12163.07](Leaf=-1)
GPU [1, 1, 3](L=2) 13 9 [11.76, 23.48, 23.48, -14608.23](Leaf=-1)
GPU [0, 1, 3](L=2) 14 9 [0.02, 28.20, 0.05, -28.20](Leaf=-1)
GPU [0, 1, 2](L=2) 15 9 [11.76, 14608.23, 23.48, -23.48](Leaf=-1)
GPU [0, 2, 2](L=2) 16 9 [11.76, 14608.23, -23.48, -23.48](Leaf=-1)
GPU [0, 2, 3](L=2) 17 9 [0.02, 28.20, -0.05, -28.20](Leaf=-1)
GPU [0, 3, 3](L=2) 18 9 [0.00, 0.05, -0.05, -0.05](Leaf=-1)
GPU [0, 3, 2](L=2) 19 9 [0.02, 28.20, -28.20, -0.05](Leaf=-1)
GPU [1, 3, 2](L=2) 20 9 [11.76, 23.48, -14608.23, -23.48](Leaf=-1)
GPU [1, 3, 3](L=2) 21 9 [0.02, 0.05, -28.20, -28.20](Leaf=-1)
GPU [1, 2, 3](L=2) 22 9 [11.76, 23.48, -23.48, -14608.23](Leaf=-1)
GPU [1, 2, 2](L=2) 23 9 [6093.30, 12163.07, -12163.07, -12163.07](Leaf=-1)
GPU [1, 2, 1](L=2) 24 9 [6093.30, 12163.07, -12163.07, 12163.07](Leaf=-1)
GPU [0, 2, 1](L=2) 25 9 [11.76, 14608.23, -23.48, 23.48](Leaf=-1)
GPU [0, 3, 1](L=2) 26 9 [0.02, 28.20, -28.20, 0.05](Leaf=-1)
GPU [1, 3, 1](L=2) 27 9 [11.76, 23.48, -14608.23, 23.48](Leaf=-1)
GPU [1, 3, 0](L=2) 28 9 [0.02, 0.05, -28.20, 28.20](Leaf=-1)
GPU [0, 3, 0](L=2) 29 9 [0.00, 0.05, -0.05, 0.05](Leaf=-1)
GPU [0, 2, 0](L=2) 30 9 [0.02, 28.20, -0.05, 28.20](Leaf=-1)
GPU [1, 2, 0](L=2) 31 9 [11.76, 23.48, -23.48, 14608.23](Leaf=-1)
GPU [2, 2, 0](L=2) 32 9 [11.76, -23.48, -23.48, 14608.23](Leaf=-1)
GPU [3, 2, 0](L=2) 33 9 [0.02, -28.20, -0.05, 28.20](Leaf=-1)
GPU [3, 3, 0](L=2) 34 9 [0.00, -0.05, -0.05, 0.05](Leaf=-1)
GPU [2, 3, 0](L=2) 35 9 [0.02, -0.05, -28.20, 28.20](Leaf=-1)
GPU [2, 3, 1](L=2) 36 9 [11.76, -23.48, -14608.23, 23.48](Leaf=-1)
GPU [3, 3, 1](L=2) 37 9 [0.02, -28.20, -28.20, 0.05](Leaf=-1)
GPU [3, 2, 1](L=2) 38 9 [11.76, -14608.23, -23.48, 23.48](Leaf=-1)
GPU [2, 2, 1](L=2) 39 9 [6093.30, -12163.07, -12163.07, 12163.07](Leaf=-1)
GPU [2, 2, 2](L=2) 40 9 [6093.30, -12163.07, -12163.07, -12163.07](Leaf=-1)
GPU [2, 2, 3](L=2) 41 9 [11.76, -23.48, -23.48, -14608.23](Leaf=-1)
GPU [2, 3, 3](L=2) 42 9 [0.02, -0.05, -28.20, -28.20](Leaf=-1)
GPU [2, 3, 2](L=2) 43 9 [11.76, -23.48, -14608.23, -23.48](Leaf=-1)
GPU [3, 3, 2](L=2) 44 9 [0.02, -28.20, -28.20, -0.05](Leaf=-1)
GPU [3, 3, 3](L=2) 45 9 [0.00, -0.05, -0.05, -0.05](Leaf=-1)
GPU [3, 2, 3](L=2) 46 9 [0.02, -28.20, -0.05, -28.20](Leaf=-1)
GPU [3, 2, 2](L=2) 47 9 [11.76, -14608.23, -23.48, -23.48](Leaf=-1)
GPU [3, 1, 2](L=2) 48 9 [11.76, -14608.23, 23.48, -23.48](Leaf=-1)
GPU [3, 1, 3](L=2) 49 9 [0.02, -28.20, 0.05, -28.20](Leaf=-1)
GPU [2, 1, 3](L=2) 50 9 [11.76, -23.48, 23.48, -14608.23](Leaf=-1)
GPU [2, 1, 2](L=2) 51 9 [6093.30, -12163.07, 12163.07, -12163.07](Leaf=-1)
GPU [2, 0, 2](L=2) 52 9 [11.76, -23.48, 14608.23, -23.48](Leaf=-1)
GPU [2, 0, 3](L=2) 53 9 [0.02, -0.05, 28.20, -28.20](Leaf=-1)
GPU [3, 0, 3](L=2) 54 9 [0.00, -0.05, 0.05, -0.05](Leaf=-1)
GPU [3, 0, 2](L=2) 55 9 [0.02, -28.20, 28.20, -0.05](Leaf=-1)
GPU [3, 0, 1](L=2) 56 9 [0.02, -28.20, 28.20, 0.05](Leaf=-1)
GPU [3, 1, 1](L=2) 57 9 [11.76, -14608.23, 23.48, 23.48](Leaf=-1)
GPU [2, 1, 1](L=2) 58 9 [6093.30, -12163.07, 12163.07, 12163.07](Leaf=-1)
GPU [2, 0, 1](L=2) 59 9 [11.76, -23.48, 14608.23, 23.48](Leaf=-1)
GPU [2, 0, 0](L=2) 60 9 [0.02, -0.05, 28.20, 28.20](Leaf=-1)
GPU [2, 1, 0](L=2) 61 9 [11.76, -23.48, 23.48, 14608.23](Leaf=-1)
GPU [3, 1, 0](L=2) 62 9 [0.02, -28.20, 0.05, 28.20](Leaf=-1)
GPU [3, 0, 0](L=2) 63 9 [0.00, -0.05, 0.05, 0.05](Leaf=-1)
