amr gpu matrix
Time after device_vector creation: 104.18 ms
index = 0, time for dx: 0 ms
index = 0, time for coord: 0.003 ms
index = 0, time for basic compars: 0.002 ms
index = 0, time for getting a cell: 0.03 ms
index = 0, time for comparing cells: 0.002 ms
index = 0, time for setting a cell: 0.017 ms
index = 0, total time inside setGridCell: 0.058 ms
index = 0, time for setGridCell: 0.062 ms
index = 100, time for dx: 0 ms
index = 100, time for coord: 0.003 ms
index = 100, time for basic compars: 0.002 ms
index = 100, time for getting a cell: 0.012 ms
index = 100, time for comparing cells: 0.002 ms
index = 100, time for setting a cell: 0.013 ms
index = 100, total time inside setGridCell: 0.036 ms
index = 100, time for setGridCell: 0.039 ms
index = 200, time for dx: 0 ms
index = 200, time for coord: 0.002 ms
index = 200, time for basic compars: 0.001 ms
index = 200, time for getting a cell: 0.012 ms
index = 200, time for comparing cells: 0.001 ms
index = 200, time for setting a cell: 0.012 ms
index = 200, total time inside setGridCell: 0.032 ms
index = 200, time for setGridCell: 0.036 ms
Time after makeBaseGrid: 46672.6 ms
L = 7, block size 512
num threads: 4194304
block_size = 512, time: 6.058 ms
block_size = 512, time: 2.71 ms
block_size = 512, time: 2.716 ms
block_size = 512, time: 2.708 ms
block_size = 512, time: 2.706 ms
block_size = 512, time: 2.687 ms
block_size = 512, time: 2.723 ms
block_size = 512, time: 2.709 ms
block_size = 512, time: 2.718 ms
block_size = 512, time: 2.731 ms
block_size = 512, time: 2.697 ms
block_size = 512, time: 2.695 ms
block_size = 512, time: 2.711 ms
block_size = 512, time: 2.7 ms
block_size = 512, time: 2.712 ms
block_size = 512, time: 2.693 ms
block_size = 512, time: 2.703 ms
block_size = 512, time: 2.702 ms
block_size = 512, time: 2.71 ms
block_size = 512, time: 2.702 ms
block_size = 512, time: 2.697 ms
block_size = 512, time: 2.695 ms
block_size = 512, time: 2.693 ms
block_size = 512, time: 2.7 ms
block_size = 512, time: 2.702 ms
block_size = 512, time: 2.692 ms
block_size = 512, time: 2.697 ms
block_size = 512, time: 2.725 ms
block_size = 512, time: 2.697 ms
block_size = 512, time: 2.706 ms
block_size = 512, time: 2.705 ms
block_size = 512, time: 2.696 ms
block_size = 512, time: 2.725 ms
block_size = 512, time: 2.712 ms
block_size = 512, time: 2.703 ms
block_size = 512, time: 2.695 ms
block_size = 512, time: 2.698 ms
block_size = 512, time: 2.704 ms
block_size = 512, time: 2.694 ms
block_size = 512, time: 2.728 ms
block_size = 512, time: 2.668 ms
block_size = 512, time: 1.662 ms
block_size = 512, time: 1.6 ms
block_size = 512, time: 1.608 ms
block_size = 512, time: 1.61 ms
block_size = 512, time: 1.607 ms
block_size = 512, time: 1.61 ms
block_size = 512, time: 1.609 ms
block_size = 512, time: 1.61 ms
block_size = 512, time: 1.606 ms

Total time: 46905.7 ms
