amr gpu hashtable
Time after creating insert_keys and underl_values: 1845.29 ms
Time after GPU make1lvlGrid: 2.981 ms
time after creating insert_values: 0.048 ms
time for GPU insert_vector_pointers: 61.579 ms
L = 2, block size 512
time after creating hashtable and ref: 1.345 ms
time for GPU insert: 77.833 ms
num threads: 512
block_size = 512, time: 0.365 ms
block_size = 512, time: 0.026 ms
block_size = 512, time: 0.025 ms
block_size = 512, time: 0.025 ms
block_size = 512, time: 0.025 ms
block_size = 512, time: 0.025 ms
block_size = 512, time: 0.025 ms
block_size = 512, time: 0.025 ms
block_size = 512, time: 0.025 ms
block_size = 512, time: 0.025 ms

Total level time for L=2: 2000.07 ms

Time after creating insert_keys and underl_values: 0.887 ms
Time after GPU make1lvlGrid: 0.009 ms
time after creating insert_values: 0.018 ms
time for GPU insert_vector_pointers: 36.173 ms
L = 3, block size 512
time after creating hashtable and ref: 1.702 ms
time for GPU insert: 49.506 ms
num threads: 1024
block_size = 512, time: 0.042 ms
block_size = 512, time: 0.029 ms
block_size = 512, time: 0.029 ms
block_size = 512, time: 0.029 ms
block_size = 512, time: 0.028 ms
block_size = 512, time: 0.029 ms
block_size = 512, time: 0.029 ms
block_size = 512, time: 0.028 ms
block_size = 512, time: 0.028 ms
block_size = 512, time: 0.028 ms

Total level time for L=3: 99.133 ms

Time after creating insert_keys and underl_values: 0.465 ms
Time after GPU make1lvlGrid: 0.008 ms
time after creating insert_values: 0.018 ms
time for GPU insert_vector_pointers: 36.172 ms
L = 4, block size 512
time after creating hashtable and ref: 383.768 ms
time for GPU insert: 49.123 ms
num threads: 5120
block_size = 512, time: 0.043 ms
block_size = 512, time: 0.029 ms
block_size = 512, time: 0.03 ms
block_size = 512, time: 0.032 ms
block_size = 512, time: 0.034 ms
block_size = 512, time: 0.029 ms
block_size = 512, time: 0.029 ms
block_size = 512, time: 0.029 ms
block_size = 512, time: 0.03 ms
block_size = 512, time: 0.029 ms

Total level time for L=4: 480.428 ms

Time after creating insert_keys and underl_values: 0.815 ms
Time after GPU make1lvlGrid: 0.009 ms
time after creating insert_values: 0.018 ms
time for GPU insert_vector_pointers: 35.773 ms
L = 5, block size 512
time after creating hashtable and ref: 410.4 ms
time for GPU insert: 49.105 ms
num threads: 37888
block_size = 512, time: 0.047 ms
block_size = 512, time: 0.034 ms
block_size = 512, time: 0.034 ms
block_size = 512, time: 0.033 ms
block_size = 512, time: 0.033 ms
block_size = 512, time: 0.034 ms
block_size = 512, time: 0.034 ms
block_size = 512, time: 0.033 ms
block_size = 512, time: 0.036 ms
block_size = 512, time: 0.034 ms

Total level time for L=5: 507.025 ms

Time after creating insert_keys and underl_values: 1.846 ms
Time after GPU make1lvlGrid: 0.009 ms
time after creating insert_values: 1.042 ms
time for GPU insert_vector_pointers: 36.815 ms
L = 6, block size 512
time after creating hashtable and ref: 406.26 ms
time for GPU insert: 49.205 ms
num threads: 300032
block_size = 512, time: 0.145 ms
block_size = 512, time: 0.139 ms
block_size = 512, time: 0.14 ms
block_size = 512, time: 0.138 ms
block_size = 512, time: 0.137 ms
block_size = 512, time: 0.14 ms
block_size = 512, time: 0.141 ms
block_size = 512, time: 0.14 ms
block_size = 512, time: 0.141 ms
block_size = 512, time: 0.137 ms

Total level time for L=6: 507.138 ms

Time after creating insert_keys and underl_values: 1.628 ms
Time after GPU make1lvlGrid: 0.009 ms
time after creating insert_values: 0.988 ms
time for GPU insert_vector_pointers: 36.806 ms
L = 7, block size 512
time after creating hashtable and ref: 407.305 ms
time for GPU insert: 49.531 ms
num threads: 2397184
block_size = 512, time: 0.875 ms
block_size = 512, time: 0.864 ms
block_size = 512, time: 0.867 ms
block_size = 512, time: 0.869 ms
block_size = 512, time: 0.866 ms
block_size = 512, time: 0.868 ms
block_size = 512, time: 0.869 ms
block_size = 512, time: 0.87 ms
block_size = 512, time: 0.868 ms
block_size = 512, time: 0.868 ms

Total level time for L=7: 515.518 ms

Time after creating insert_keys and underl_values: 1.815 ms
Time after GPU make1lvlGrid: 0.015 ms
time after creating insert_values: 2.59 ms
time for GPU insert_vector_pointers: 36.851 ms
L = 8, block size 512
time after creating hashtable and ref: 398.865 ms
time for GPU insert: 52.247 ms
num threads: 19174400
block_size = 512, time: 7.272 ms
block_size = 512, time: 7.247 ms
block_size = 512, time: 7.248 ms
block_size = 512, time: 7.245 ms
block_size = 512, time: 7.243 ms
block_size = 512, time: 7.247 ms
block_size = 512, time: 7.247 ms
block_size = 512, time: 7.24 ms
block_size = 512, time: 7.245 ms
block_size = 512, time: 7.248 ms

Total level time for L=8: 575.266 ms

Time after creating insert_keys and underl_values: 375.574 ms
Time after GPU make1lvlGrid: 0.013 ms
time after creating insert_values: 20.601 ms
time for GPU insert_vector_pointers: 36.807 ms
L = 9, block size 512
time after creating hashtable and ref: 447.457 ms
time for GPU insert: 72.115 ms
num threads: 153392128
block_size = 512, time: 69.183 ms
block_size = 512, time: 69.164 ms
block_size = 512, time: 69.159 ms
block_size = 512, time: 69.197 ms
block_size = 512, time: 69.194 ms
block_size = 512, time: 69.173 ms
block_size = 512, time: 69.182 ms
block_size = 512, time: 69.168 ms
block_size = 512, time: 69.166 ms
block_size = 512, time: 69.177 ms

Total level time for L=9: 1655.07 ms

Total time: 6344.92 ms
