amr gpu matrix
Time after device_vector creation: 106.627 ms
index = 0, time for dx: 0 ms
index = 0, time for coord: 0.004 ms
index = 0, time for basic compars: 0.002 ms
index = 0, time for getting a cell: 0.03 ms
index = 0, time for comparing cells: 0.002 ms
index = 0, time for setting a cell: 0.017 ms
index = 0, total time inside setGridCell: 0.059 ms
index = 0, time for setGridCell: 0.062 ms
index = 100, time for dx: 0 ms
index = 100, time for coord: 0.003 ms
index = 100, time for basic compars: 0.001 ms
index = 100, time for getting a cell: 0.012 ms
index = 100, time for comparing cells: 0.001 ms
index = 100, time for setting a cell: 0.012 ms
index = 100, total time inside setGridCell: 0.033 ms
index = 100, time for setGridCell: 0.036 ms
index = 200, time for dx: 0 ms
index = 200, time for coord: 0.003 ms
index = 200, time for basic compars: 0.001 ms
index = 200, time for getting a cell: 0.012 ms
index = 200, time for comparing cells: 0.001 ms
index = 200, time for setting a cell: 0.012 ms
index = 200, total time inside setGridCell: 0.032 ms
index = 200, time for setGridCell: 0.036 ms
Time after makeBaseGrid: 46522.2 ms
L = 7, block size 512
num threads: 4194304
block_size = 512, time: 5.779 ms
block_size = 512, time: 2.701 ms
block_size = 512, time: 2.701 ms
block_size = 512, time: 2.704 ms
block_size = 512, time: 2.685 ms
block_size = 512, time: 2.68 ms
block_size = 512, time: 2.698 ms
block_size = 512, time: 2.681 ms
block_size = 512, time: 2.707 ms
block_size = 512, time: 2.714 ms
block_size = 512, time: 2.688 ms
block_size = 512, time: 2.69 ms
block_size = 512, time: 2.704 ms
block_size = 512, time: 2.695 ms
block_size = 512, time: 2.714 ms
block_size = 512, time: 2.697 ms
block_size = 512, time: 2.695 ms
block_size = 512, time: 2.705 ms
block_size = 512, time: 2.556 ms
block_size = 512, time: 2.345 ms
block_size = 512, time: 2.347 ms
block_size = 512, time: 2.357 ms
block_size = 512, time: 2.355 ms
block_size = 512, time: 2.344 ms
block_size = 512, time: 2.345 ms
block_size = 512, time: 2.351 ms
block_size = 512, time: 2.349 ms
block_size = 512, time: 2.358 ms
block_size = 512, time: 2.347 ms
block_size = 512, time: 2.357 ms
block_size = 512, time: 2.333 ms
block_size = 512, time: 2.336 ms
block_size = 512, time: 2.367 ms
block_size = 512, time: 2.337 ms
block_size = 512, time: 2.354 ms
block_size = 512, time: 2.361 ms
block_size = 512, time: 2.354 ms
block_size = 512, time: 2.354 ms
block_size = 512, time: 2.346 ms
block_size = 512, time: 2.355 ms
block_size = 512, time: 2.347 ms
block_size = 512, time: 2.351 ms
block_size = 512, time: 2.352 ms
block_size = 512, time: 2.336 ms
block_size = 512, time: 2.344 ms
block_size = 512, time: 2.353 ms
block_size = 512, time: 2.348 ms
block_size = 512, time: 2.344 ms
block_size = 512, time: 2.333 ms
block_size = 512, time: 2.361 ms

Total time: 46756 ms
