amr gpu hashtable
Time after creating insert_keys and underl_values: 1354.85 ms
Time after GPU make1lvlGrid: 2.987 ms
time after creating insert_values: 0.045 ms
time for GPU insert_vector_pointers: 14.699 ms
L = 2, block size 512
time after creating hashtable and ref: 0.53 ms
time for GPU insert: 18.951 ms
time for retrieve_all: 10.52 ms
num threads: 512
block_size = 512, time: 0.083 ms
block_size = 512, time: 0.037 ms
block_size = 512, time: 0.037 ms
block_size = 512, time: 0.036 ms
block_size = 512, time: 0.037 ms
block_size = 512, time: 0.037 ms
block_size = 512, time: 0.036 ms
block_size = 512, time: 0.036 ms
block_size = 512, time: 0.036 ms
block_size = 512, time: 0.036 ms

Total level time for L=2: 1405.36 ms

Time after creating insert_keys and underl_values: 0.925 ms
Time after GPU make1lvlGrid: 0.009 ms
time after creating insert_values: 0.061 ms
time for GPU insert_vector_pointers: 14.693 ms
L = 3, block size 512
time after creating hashtable and ref: 1.006 ms
time for GPU insert: 19.174 ms
time for retrieve_all: 10.222 ms
num threads: 1024
block_size = 512, time: 0.055 ms
block_size = 512, time: 0.043 ms
block_size = 512, time: 0.043 ms
block_size = 512, time: 0.042 ms
block_size = 512, time: 0.043 ms
block_size = 512, time: 0.043 ms
block_size = 512, time: 0.042 ms
block_size = 512, time: 0.043 ms
block_size = 512, time: 0.043 ms
block_size = 512, time: 0.042 ms

Total level time for L=3: 48.858 ms

Time after creating insert_keys and underl_values: 0.322 ms
Time after GPU make1lvlGrid: 0.009 ms
time after creating insert_values: 0.058 ms
time for GPU insert_vector_pointers: 13.562 ms
L = 4, block size 512
time after creating hashtable and ref: 1.086 ms
time for GPU insert: 18.124 ms
time for retrieve_all: 10.204 ms
num threads: 8192
block_size = 512, time: 0.059 ms
block_size = 512, time: 0.049 ms
block_size = 512, time: 0.049 ms
block_size = 512, time: 0.049 ms
block_size = 512, time: 0.049 ms
block_size = 512, time: 0.049 ms
block_size = 512, time: 0.049 ms
block_size = 512, time: 0.049 ms
block_size = 512, time: 0.049 ms
block_size = 512, time: 0.048 ms

Total level time for L=4: 46.192 ms

Time after creating insert_keys and underl_values: 0.287 ms
Time after GPU make1lvlGrid: 0.009 ms
time after creating insert_values: 0.075 ms
time for GPU insert_vector_pointers: 13.562 ms
L = 5, block size 512
time after creating hashtable and ref: 1.069 ms
time for GPU insert: 18.113 ms
time for retrieve_all: 11.288 ms
num threads: 65536
block_size = 512, time: 0.067 ms
block_size = 512, time: 0.06 ms
block_size = 512, time: 0.059 ms
block_size = 512, time: 0.059 ms
block_size = 512, time: 0.059 ms
block_size = 512, time: 0.06 ms
block_size = 512, time: 0.059 ms
block_size = 512, time: 0.059 ms
block_size = 512, time: 0.059 ms
block_size = 512, time: 0.059 ms

Total level time for L=5: 47.4 ms

Time after creating insert_keys and underl_values: 2.242 ms
Time after GPU make1lvlGrid: 0.009 ms
time after creating insert_values: 1.013 ms
time for GPU insert_vector_pointers: 14.611 ms
L = 6, block size 512
time after creating hashtable and ref: 1.191 ms
time for GPU insert: 18.197 ms
time for retrieve_all: 12.278 ms
num threads: 524288
block_size = 512, time: 0.297 ms
block_size = 512, time: 0.288 ms
block_size = 512, time: 0.285 ms
block_size = 512, time: 0.286 ms
block_size = 512, time: 0.286 ms
block_size = 512, time: 0.286 ms
block_size = 512, time: 0.285 ms
block_size = 512, time: 0.288 ms
block_size = 512, time: 0.287 ms
block_size = 512, time: 0.284 ms

Total level time for L=6: 56.342 ms

Time after creating insert_keys and underl_values: 1.646 ms
Time after GPU make1lvlGrid: 0.009 ms
time after creating insert_values: 2.382 ms
time for GPU insert_vector_pointers: 14.008 ms
L = 7, block size 512
time after creating hashtable and ref: 1.185 ms
time for GPU insert: 18.078 ms
time for retrieve_all: 8.786 ms
num threads: 4194304
block_size = 512, time: 2.786 ms
block_size = 512, time: 2.78 ms
block_size = 512, time: 2.774 ms
block_size = 512, time: 2.779 ms
block_size = 512, time: 2.784 ms
block_size = 512, time: 2.785 ms
block_size = 512, time: 2.787 ms
block_size = 512, time: 2.777 ms
block_size = 512, time: 2.783 ms
block_size = 512, time: 2.789 ms

Total level time for L=7: 76.384 ms

Time after creating insert_keys and underl_values: 3.032 ms
Time after GPU make1lvlGrid: 0.009 ms
time after creating insert_values: 10.837 ms
time for GPU insert_vector_pointers: 8.996 ms
L = 8, block size 512
time after creating hashtable and ref: 0.518 ms
time for GPU insert: 13.738 ms
time for retrieve_all: 10.554 ms
num threads: 33554432
block_size = 512, time: 23.66 ms
block_size = 512, time: 23.646 ms
block_size = 512, time: 23.66 ms
block_size = 512, time: 23.649 ms
block_size = 512, time: 23.658 ms
block_size = 512, time: 23.662 ms
block_size = 512, time: 23.641 ms
block_size = 512, time: 23.649 ms
block_size = 512, time: 23.67 ms
block_size = 512, time: 23.638 ms

Total level time for L=8: 289.578 ms

Time after creating insert_keys and underl_values: 16.332 ms
Time after GPU make1lvlGrid: 0.01 ms
time after creating insert_values: 86.797 ms
time for GPU insert_vector_pointers: 11.172 ms
L = 9, block size 512
time after creating hashtable and ref: 0.869 ms
time for GPU insert: 35.035 ms
time for retrieve_all: 11.051 ms
num threads: 268435456
block_size = 512, time: 207.966 ms
block_size = 512, time: 205.516 ms
block_size = 512, time: 205.518 ms
block_size = 512, time: 205.541 ms
block_size = 512, time: 205.503 ms
block_size = 512, time: 205.56 ms
block_size = 512, time: 205.525 ms
block_size = 512, time: 205.565 ms
block_size = 512, time: 205.522 ms
block_size = 512, time: 205.492 ms

Total level time for L=9: 2225.75 ms

terminate called after throwing an instance of 'thrust::system::detail::bad_alloc'
  what():  std::bad_alloc: cudaErrorMemoryAllocation: out of memory
