amr gpu hashtable
Time after creating insert_keys and underl_values: 1562.82 ms
Time after GPU make1lvlGrid: 2.755 ms
time after creating insert_values: 0.044 ms
time for GPU insert_vector_pointers: 66.712 ms
L = 2, block size 512
time after creating hashtable and ref: 1.207 ms
time for GPU insert: 88.159 ms
num threads: 512
block_size = 512, time: 0.095 ms
block_size = 512, time: 0.038 ms
block_size = 512, time: 0.035 ms
block_size = 512, time: 0.037 ms
block_size = 512, time: 0.035 ms
block_size = 512, time: 0.036 ms
block_size = 512, time: 0.035 ms
block_size = 512, time: 0.035 ms
block_size = 512, time: 0.036 ms
block_size = 512, time: 0.036 ms

Total level time for L=2: 1732.18 ms

Time after creating insert_keys and underl_values: 0.908 ms
Time after GPU make1lvlGrid: 0.009 ms
time after creating insert_values: 0.029 ms
time for GPU insert_vector_pointers: 62.895 ms
L = 3, block size 512
time after creating hashtable and ref: 1.199 ms
time for GPU insert: 49.099 ms
num threads: 1024
block_size = 512, time: 0.043 ms
block_size = 512, time: 0.03 ms
block_size = 512, time: 0.028 ms
block_size = 512, time: 0.028 ms
block_size = 512, time: 0.028 ms
block_size = 512, time: 0.028 ms
block_size = 512, time: 0.028 ms
block_size = 512, time: 0.029 ms
block_size = 512, time: 0.028 ms
block_size = 512, time: 0.029 ms

Total level time for L=3: 124.454 ms

Time after creating insert_keys and underl_values: 0.285 ms
Time after GPU make1lvlGrid: 0.009 ms
time after creating insert_values: 0.018 ms
time for GPU insert_vector_pointers: 35.781 ms
L = 4, block size 512
time after creating hashtable and ref: 384.147 ms
time for GPU insert: 49.133 ms
num threads: 5120
block_size = 512, time: 0.043 ms
block_size = 512, time: 0.03 ms
block_size = 512, time: 0.029 ms
block_size = 512, time: 0.029 ms
block_size = 512, time: 0.029 ms
block_size = 512, time: 0.029 ms
block_size = 512, time: 0.03 ms
block_size = 512, time: 0.029 ms
block_size = 512, time: 0.029 ms
block_size = 512, time: 0.029 ms

Total level time for L=4: 479.607 ms

Time after creating insert_keys and underl_values: 0.387 ms
Time after GPU make1lvlGrid: 0.009 ms
time after creating insert_values: 0.018 ms
time for GPU insert_vector_pointers: 35.773 ms
L = 5, block size 512
time after creating hashtable and ref: 411.445 ms
time for GPU insert: 49.102 ms
num threads: 37888
block_size = 512, time: 0.045 ms
block_size = 512, time: 0.035 ms
block_size = 512, time: 0.033 ms
block_size = 512, time: 0.033 ms
block_size = 512, time: 0.033 ms
block_size = 512, time: 0.033 ms
block_size = 512, time: 0.033 ms
block_size = 512, time: 0.033 ms
block_size = 512, time: 0.033 ms
block_size = 512, time: 0.034 ms

Total level time for L=5: 507.005 ms

Time after creating insert_keys and underl_values: 1.43 ms
Time after GPU make1lvlGrid: 0.009 ms
time after creating insert_values: 1.039 ms
time for GPU insert_vector_pointers: 36.816 ms
L = 6, block size 512
time after creating hashtable and ref: 407.303 ms
time for GPU insert: 49.207 ms
num threads: 300032
block_size = 512, time: 0.122 ms
block_size = 512, time: 0.115 ms
block_size = 512, time: 0.115 ms
block_size = 512, time: 0.115 ms
block_size = 512, time: 0.115 ms
block_size = 512, time: 0.115 ms
block_size = 512, time: 0.114 ms
block_size = 512, time: 0.116 ms
block_size = 512, time: 0.115 ms
block_size = 512, time: 0.114 ms

Total level time for L=6: 506.883 ms

Time after creating insert_keys and underl_values: 1.41 ms
Time after GPU make1lvlGrid: 0.009 ms
time after creating insert_values: 0.985 ms
time for GPU insert_vector_pointers: 36.807 ms
L = 7, block size 512
time after creating hashtable and ref: 409.402 ms
time for GPU insert: 49.556 ms
num threads: 2397184
block_size = 512, time: 0.7 ms
block_size = 512, time: 0.689 ms
block_size = 512, time: 0.688 ms
block_size = 512, time: 0.688 ms
block_size = 512, time: 0.688 ms
block_size = 512, time: 0.686 ms
block_size = 512, time: 0.689 ms
block_size = 512, time: 0.685 ms
block_size = 512, time: 0.687 ms
block_size = 512, time: 0.686 ms

Total level time for L=7: 515.081 ms

Time after creating insert_keys and underl_values: 2.005 ms
Time after GPU make1lvlGrid: 0.014 ms
time after creating insert_values: 2.291 ms
time for GPU insert_vector_pointers: 36.096 ms
L = 8, block size 512
time after creating hashtable and ref: 400.967 ms
time for GPU insert: 52.228 ms
num threads: 19174400
block_size = 512, time: 6.351 ms
block_size = 512, time: 6.339 ms
block_size = 512, time: 6.336 ms
block_size = 512, time: 6.332 ms
block_size = 512, time: 6.331 ms
block_size = 512, time: 6.327 ms
block_size = 512, time: 6.33 ms
block_size = 512, time: 6.334 ms
block_size = 512, time: 6.334 ms
block_size = 512, time: 6.332 ms

Total level time for L=8: 566.889 ms

Time after creating insert_keys and underl_values: 386.24 ms
Time after GPU make1lvlGrid: 0.011 ms
time after creating insert_values: 18.205 ms
time for GPU insert_vector_pointers: 37.066 ms
L = 9, block size 512
time after creating hashtable and ref: 449.586 ms
time for GPU insert: 72.071 ms
num threads: 153392128
block_size = 512, time: 66.82 ms
block_size = 512, time: 66.83 ms
block_size = 512, time: 66.822 ms
block_size = 512, time: 66.95 ms
block_size = 512, time: 66.661 ms
block_size = 512, time: 66.939 ms
block_size = 512, time: 66.792 ms
block_size = 512, time: 67.015 ms
block_size = 512, time: 66.907 ms
block_size = 512, time: 67.043 ms

Total level time for L=9: 1642.14 ms

Total time: 6079.44 ms
