amr gpu matrix
Time after device_vector creation: 332.86 ms
Time after makeBaseGrid: 3.08 ms
L = 2, block size 512
num threads: 512
block_size = 512, time: 0.061 ms
block_size = 512, time: 0.025 ms
block_size = 512, time: 0.025 ms
block_size = 512, time: 0.025 ms
block_size = 512, time: 0.025 ms
block_size = 512, time: 0.025 ms
block_size = 512, time: 0.025 ms
block_size = 512, time: 0.026 ms
block_size = 512, time: 0.026 ms
block_size = 512, time: 0.025 ms

Total level time for L=2: 336.289 ms

Time after device_vector creation: 0.523 ms
Time after makeBaseGrid: 0.035 ms
L = 3, block size 512
num threads: 1024
block_size = 512, time: 0.038 ms
block_size = 512, time: 0.037 ms
block_size = 512, time: 0.037 ms
block_size = 512, time: 0.037 ms
block_size = 512, time: 0.038 ms
block_size = 512, time: 0.036 ms
block_size = 512, time: 0.037 ms
block_size = 512, time: 0.037 ms
block_size = 512, time: 0.038 ms
block_size = 512, time: 0.037 ms

Total level time for L=3: 0.959 ms

Time after device_vector creation: 0.524 ms
Time after makeBaseGrid: 0.035 ms
L = 4, block size 512
num threads: 5120
block_size = 512, time: 0.039 ms
block_size = 512, time: 0.037 ms
block_size = 512, time: 0.037 ms
block_size = 512, time: 0.038 ms
block_size = 512, time: 0.038 ms
block_size = 512, time: 0.037 ms
block_size = 512, time: 0.039 ms
block_size = 512, time: 0.038 ms
block_size = 512, time: 0.039 ms
block_size = 512, time: 0.037 ms

Total level time for L=4: 0.967 ms

Time after device_vector creation: 0.523 ms
Time after makeBaseGrid: 0.034 ms
L = 5, block size 512
num threads: 37888
block_size = 512, time: 0.04 ms
block_size = 512, time: 0.04 ms
block_size = 512, time: 0.04 ms
block_size = 512, time: 0.039 ms
block_size = 512, time: 0.039 ms
block_size = 512, time: 0.039 ms
block_size = 512, time: 0.04 ms
block_size = 512, time: 0.039 ms
block_size = 512, time: 0.039 ms
block_size = 512, time: 0.039 ms

Total level time for L=5: 0.979 ms

Time after device_vector creation: 0.527 ms
Time after makeBaseGrid: 0.095 ms
L = 6, block size 512
num threads: 300032
block_size = 512, time: 0.149 ms
block_size = 512, time: 0.149 ms
block_size = 512, time: 0.149 ms
block_size = 512, time: 0.15 ms
block_size = 512, time: 0.149 ms
block_size = 512, time: 0.149 ms
block_size = 512, time: 0.149 ms
block_size = 512, time: 0.15 ms
block_size = 512, time: 0.149 ms
block_size = 512, time: 0.149 ms

Total level time for L=6: 2.14 ms

Time after device_vector creation: 0.501 ms
Time after makeBaseGrid: 0.593 ms
L = 7, block size 512
num threads: 2397184
block_size = 512, time: 1.084 ms
block_size = 512, time: 1.083 ms
block_size = 512, time: 1.082 ms
block_size = 512, time: 1.083 ms
block_size = 512, time: 1.084 ms
block_size = 512, time: 1.081 ms
block_size = 512, time: 1.082 ms
block_size = 512, time: 1.081 ms
block_size = 512, time: 1.082 ms
block_size = 512, time: 1.083 ms

Total level time for L=7: 11.947 ms

Time after device_vector creation: 2.034 ms
Time after makeBaseGrid: 4.583 ms
L = 8, block size 512
num threads: 19174400
block_size = 512, time: 8.464 ms
block_size = 512, time: 8.463 ms
block_size = 512, time: 8.47 ms
block_size = 512, time: 8.462 ms
block_size = 512, time: 8.464 ms
block_size = 512, time: 8.461 ms
block_size = 512, time: 8.468 ms
block_size = 512, time: 8.468 ms
block_size = 512, time: 8.46 ms
block_size = 512, time: 8.464 ms

Total level time for L=8: 91.29 ms

Time after device_vector creation: 8.486 ms
Time after makeBaseGrid: 36.479 ms
L = 9, block size 512
num threads: 153392128
block_size = 512, time: 38.704 ms
block_size = 512, time: 38.244 ms
block_size = 512, time: 38.24 ms
block_size = 512, time: 37.841 ms
block_size = 512, time: 37.891 ms
block_size = 512, time: 37.992 ms
block_size = 512, time: 37.666 ms
block_size = 512, time: 38.012 ms
block_size = 512, time: 37.983 ms
block_size = 512, time: 37.973 ms

Total level time for L=9: 425.548 ms

Total time: 873.468 ms
