amr gpu hashtable
Time after creating insert_keys and underl_values: 1834.38 ms
Time after GPU make1lvlGrid: 2.963 ms
time after creating insert_values: 0.05 ms
time for GPU insert_vector_pointers: 57.182 ms
L = 2, block size 512
time after creating hashtable and ref: 1.218 ms
time for GPU insert: 67.893 ms
num threads: 512
block_size = 512, time: 0.378 ms
block_size = 512, time: 0.03 ms
block_size = 512, time: 0.029 ms
block_size = 512, time: 0.029 ms
block_size = 512, time: 0.029 ms
block_size = 512, time: 0.029 ms
block_size = 512, time: 0.029 ms
block_size = 512, time: 0.029 ms
block_size = 512, time: 0.029 ms
block_size = 512, time: 0.029 ms

Total level time for L=2: 1974.84 ms

Time after creating insert_keys and underl_values: 0.909 ms
Time after GPU make1lvlGrid: 0.009 ms
time after creating insert_values: 0.023 ms
time for GPU insert_vector_pointers: 45.99 ms
L = 3, block size 512
time after creating hashtable and ref: 1.343 ms
time for GPU insert: 61.386 ms
num threads: 1024
block_size = 512, time: 0.049 ms
block_size = 512, time: 0.036 ms
block_size = 512, time: 0.034 ms
block_size = 512, time: 0.032 ms
block_size = 512, time: 0.033 ms
block_size = 512, time: 0.035 ms
block_size = 512, time: 0.034 ms
block_size = 512, time: 0.035 ms
block_size = 512, time: 0.034 ms
block_size = 512, time: 0.037 ms

Total level time for L=3: 120.719 ms

Time after creating insert_keys and underl_values: 0.963 ms
Time after GPU make1lvlGrid: 0.009 ms
time after creating insert_values: 0.023 ms
time for GPU insert_vector_pointers: 44.075 ms
L = 4, block size 512
time after creating hashtable and ref: 388.447 ms
time for GPU insert: 49.142 ms
num threads: 5120
block_size = 512, time: 0.044 ms
block_size = 512, time: 0.03 ms
block_size = 512, time: 0.03 ms
block_size = 512, time: 0.03 ms
block_size = 512, time: 0.032 ms
block_size = 512, time: 0.03 ms
block_size = 512, time: 0.03 ms
block_size = 512, time: 0.031 ms
block_size = 512, time: 0.03 ms
block_size = 512, time: 0.03 ms

Total level time for L=4: 493.568 ms

Time after creating insert_keys and underl_values: 0.762 ms
Time after GPU make1lvlGrid: 0.009 ms
time after creating insert_values: 0.018 ms
time for GPU insert_vector_pointers: 35.773 ms
L = 5, block size 512
time after creating hashtable and ref: 410.395 ms
time for GPU insert: 49.117 ms
num threads: 37888
block_size = 512, time: 0.047 ms
block_size = 512, time: 0.035 ms
block_size = 512, time: 0.034 ms
block_size = 512, time: 0.034 ms
block_size = 512, time: 0.033 ms
block_size = 512, time: 0.034 ms
block_size = 512, time: 0.034 ms
block_size = 512, time: 0.033 ms
block_size = 512, time: 0.034 ms
block_size = 512, time: 0.038 ms

Total level time for L=5: 507.143 ms

Time after creating insert_keys and underl_values: 1.672 ms
Time after GPU make1lvlGrid: 0.009 ms
time after creating insert_values: 1.038 ms
time for GPU insert_vector_pointers: 36.815 ms
L = 6, block size 512
time after creating hashtable and ref: 407.305 ms
time for GPU insert: 49.209 ms
num threads: 300032
block_size = 512, time: 0.144 ms
block_size = 512, time: 0.142 ms
block_size = 512, time: 0.137 ms
block_size = 512, time: 0.14 ms
block_size = 512, time: 0.141 ms
block_size = 512, time: 0.139 ms
block_size = 512, time: 0.144 ms
block_size = 512, time: 0.139 ms
block_size = 512, time: 0.141 ms
block_size = 512, time: 0.136 ms

Total level time for L=6: 508.179 ms

Total time: 3605.6 ms
