amr gpu matrix
Making base grid
num_inserted 73

Calculating gradients

[0, -2, -1](L=2)[0, -2, 0](L=2)[0, -1, -3](L=2)[0, -1, -2](L=2)[0, -1, -1](L=2)[0, -1, 0](L=2)
ERROR: calcGrad idx_level[1] out of bounds; idx_level[1] -2

ERROR: calcGrad idx_level[1] out of bounds; idx_level[1] -2

ERROR: calcGrad idx_level[1] out of bounds; idx_level[1] -1

ERROR: calcGrad idx_level[1] out of bounds; idx_level[1] -1

ERROR: calcGrad idx_level[1] out of bounds; idx_level[1] -1

ERROR: calcGrad idx_level[1] out of bounds; idx_level[1] -1
calcGrad print start 73 0 0 9 2
calcGrad print start 73 1 1 9 2
calcGrad print start 73 2 2 9 2
calcGrad print start 73 3 3 9 2
calcGrad print start 73 4 4 9 2
calcGrad print start 73 5 5 9 2
[0, -2, -1](L=2)[0, -1, -3](L=2)[0, -1, -2](L=2)[0, -1, -1](L=2)[0, 0, -3](L=2)[0, 0, -2](L=2)[0, 0, -1](L=2)
ERROR: calcGrad idx_level[2] out of bounds; idx_level[2] -1

ERROR: calcGrad idx_level[2] out of bounds; idx_level[2] -3

ERROR: calcGrad idx_level[2] out of bounds; idx_level[2] -2

ERROR: calcGrad idx_level[2] out of bounds; idx_level[2] -1

ERROR: calcGrad idx_level[2] out of bounds; idx_level[2] -3

ERROR: calcGrad idx_level[2] out of bounds; idx_level[2] -2

ERROR: calcGrad idx_level[2] out of bounds; idx_level[2] -1
calcGrad print start 73 0 0 9 2
calcGrad print start 73 2 2 9 2
calcGrad print start 73 3 3 9 2
calcGrad print start 73 4 4 9 2
calcGrad print start 73 6 6 9 2
calcGrad print start 73 7 7 9 2
calcGrad print start 73 8 8 9 2
cell 1 1 1 2; calcGradCell0 index 30 
cell 1 1 1 2; idx_neighbor i 0 j 1 k 1 L 2  dir 0 pos 0 rho_neighbor 11.762835
cell 1 1 1 2; idx_neighbor i 2 j 1 k 1 L 2  dir 0 pos 1 rho_neighbor 6093.299223
cell 1 1 1 2; calcGradCell dir 0 rho0 11.76 rho1 6093.30 rho2 6093.30 fd_case 3 
is_notref 1 ni 0 nj -3 nk -1 exists 0 is_border 0  i 0 j -2 k -1
is_notref 1 ni 0 nj -3 nk 0 exists 0 is_border 0  i 0 j -2 k 0
is_notref 1 ni 0 nj -2 nk -3 exists 0 is_border 0  i 0 j -1 k -3
is_notref 1 ni 0 nj -2 nk -2 exists 0 is_border 0  i 0 j -1 k -2
[0, -2, 0](L=1)[0, -2, 0](L=1)[0, -1, -1](L=1)[0, -1, -1](L=1)
ERROR: offset + index >= num_inserted; neigh_offset 1 neigh_index -4 num_inserted 73
ERROR: offset + index >= num_inserted; neigh_offset 1 neigh_index -4 num_inserted 73
ERROR: offset + index >= num_inserted; neigh_offset 1 neigh_index -3 num_inserted 73
ERROR: offset + index >= num_inserted; neigh_offset 1 neigh_index -3 num_inserted 73CUDA Runtime Error at: amr-gpu-matrix.cu:575
an illegal memory access was encountered
307 ms

terminate called after throwing an instance of 'thrust::system::system_error'
  what():  parallel_for: failed to synchronize: cudaErrorIllegalAddress: an illegal memory access was encountered
