amr gpu hashtable
Time after creating insert_keys and underl_values: 307.027 ms
Time after GPU make1lvlGrid: 3.045 ms
time after creating insert_values: 0.053 ms
time for GPU insert_vector_pointers: 57.182 ms
L = 2, block size 512
time after creating hashtable and ref: 1.269 ms
time for GPU insert: 67.064 ms
num threads: 512
block_size = 512, time: 0.362 ms
block_size = 512, time: 0.029 ms
block_size = 512, time: 0.028 ms
block_size = 512, time: 0.028 ms
block_size = 512, time: 0.028 ms
block_size = 512, time: 0.028 ms
block_size = 512, time: 0.028 ms
block_size = 512, time: 0.028 ms
block_size = 512, time: 0.027 ms
block_size = 512, time: 0.028 ms

Total level time for L=2: 446.833 ms

Time after creating insert_keys and underl_values: 0.887 ms
Time after GPU make1lvlGrid: 0.015 ms
time after creating insert_values: 0.021 ms
time for GPU insert_vector_pointers: 43.509 ms
L = 3, block size 512
time after creating hashtable and ref: 1.721 ms
time for GPU insert: 58.096 ms
num threads: 1024
block_size = 512, time: 0.047 ms
block_size = 512, time: 0.032 ms
block_size = 512, time: 0.032 ms
block_size = 512, time: 0.032 ms
block_size = 512, time: 0.032 ms
block_size = 512, time: 0.032 ms
block_size = 512, time: 0.032 ms
block_size = 512, time: 0.032 ms
block_size = 512, time: 0.032 ms
block_size = 512, time: 0.032 ms

Total level time for L=3: 114.99 ms

Time after creating insert_keys and underl_values: 0.371 ms
Time after GPU make1lvlGrid: 0.009 ms
time after creating insert_values: 0.021 ms
time for GPU insert_vector_pointers: 43.505 ms
L = 4, block size 512
time after creating hashtable and ref: 385.873 ms
time for GPU insert: 49.152 ms
num threads: 5120
block_size = 512, time: 0.043 ms
block_size = 512, time: 0.03 ms
block_size = 512, time: 0.03 ms
block_size = 512, time: 0.03 ms
block_size = 512, time: 0.03 ms
block_size = 512, time: 0.029 ms
block_size = 512, time: 0.03 ms
block_size = 512, time: 0.029 ms
block_size = 512, time: 0.029 ms
block_size = 512, time: 0.029 ms

Total level time for L=4: 489.761 ms

Time after creating insert_keys and underl_values: 0.81 ms
Time after GPU make1lvlGrid: 0.009 ms
time after creating insert_values: 0.018 ms
time for GPU insert_vector_pointers: 35.772 ms
L = 5, block size 512
time after creating hashtable and ref: 411.451 ms
time for GPU insert: 49.114 ms
num threads: 37888
block_size = 512, time: 0.046 ms
block_size = 512, time: 0.034 ms
block_size = 512, time: 0.034 ms
block_size = 512, time: 0.034 ms
block_size = 512, time: 0.034 ms
block_size = 512, time: 0.034 ms
block_size = 512, time: 0.034 ms
block_size = 512, time: 0.034 ms
block_size = 512, time: 0.034 ms
block_size = 512, time: 0.033 ms

Total level time for L=5: 507.87 ms

Time after creating insert_keys and underl_values: 2.037 ms
Time after GPU make1lvlGrid: 0.009 ms
time after creating insert_values: 1.038 ms
time for GPU insert_vector_pointers: 36.815 ms
L = 6, block size 512
time after creating hashtable and ref: 409.415 ms
time for GPU insert: 49.23 ms
num threads: 300032
block_size = 512, time: 0.144 ms
block_size = 512, time: 0.14 ms
block_size = 512, time: 0.139 ms
block_size = 512, time: 0.142 ms
block_size = 512, time: 0.137 ms
block_size = 512, time: 0.143 ms
block_size = 512, time: 0.138 ms
block_size = 512, time: 0.142 ms
block_size = 512, time: 0.137 ms
block_size = 512, time: 0.138 ms

Total level time for L=6: 510.695 ms

Time after creating insert_keys and underl_values: 1.404 ms
Time after GPU make1lvlGrid: 0.009 ms
time after creating insert_values: 0.985 ms
time for GPU insert_vector_pointers: 36.808 ms
L = 7, block size 512
time after creating hashtable and ref: 406.255 ms
time for GPU insert: 49.552 ms
num threads: 2397184
block_size = 512, time: 0.875 ms
block_size = 512, time: 0.865 ms
block_size = 512, time: 0.864 ms
block_size = 512, time: 0.864 ms
block_size = 512, time: 0.872 ms
block_size = 512, time: 0.865 ms
block_size = 512, time: 0.865 ms
block_size = 512, time: 0.866 ms
block_size = 512, time: 0.866 ms
block_size = 512, time: 0.866 ms

Total level time for L=7: 514.464 ms

Time after creating insert_keys and underl_values: 2.617 ms
Time after GPU make1lvlGrid: 0.016 ms
time after creating insert_values: 2.588 ms
time for GPU insert_vector_pointers: 36.851 ms
L = 8, block size 512
time after creating hashtable and ref: 396.765 ms
time for GPU insert: 52.27 ms
num threads: 19174400
block_size = 512, time: 7.279 ms
block_size = 512, time: 7.253 ms
block_size = 512, time: 7.242 ms
block_size = 512, time: 7.242 ms
block_size = 512, time: 7.245 ms
block_size = 512, time: 7.238 ms
block_size = 512, time: 7.248 ms
block_size = 512, time: 7.243 ms
block_size = 512, time: 7.247 ms
block_size = 512, time: 7.254 ms

Total level time for L=8: 574.193 ms

Time after creating insert_keys and underl_values: 375.353 ms
Time after GPU make1lvlGrid: 0.012 ms
time after creating insert_values: 20.603 ms
time for GPU insert_vector_pointers: 36.801 ms
L = 9, block size 512
time after creating hashtable and ref: 448.516 ms
time for GPU insert: 71.985 ms
num threads: 153392128
block_size = 512, time: 69.196 ms
block_size = 512, time: 69.232 ms
block_size = 512, time: 69.327 ms
block_size = 512, time: 69.306 ms
block_size = 512, time: 69.204 ms
block_size = 512, time: 69.302 ms
block_size = 512, time: 69.433 ms
block_size = 512, time: 69.243 ms
block_size = 512, time: 69.229 ms
block_size = 512, time: 69.424 ms

Total level time for L=9: 1657.13 ms

Total time: 4821.22 ms
