amr gpu matrix
Time after device_vector creation: 100.898 ms
index = 0, time for dx: 0 ms
index = 0, time for coord: 0.003 ms
index = 0, time for basic compars: 0.002 ms
index = 0, time for getting a cell: 0.03 ms
index = 0, time for comparing cells: 0.002 ms
index = 0, time for setting a cell: 0.018 ms
index = 0, total time inside setGridCell: 0.059 ms
index = 0, time for setGridCell: 0.063 ms
index = 100, time for dx: 0 ms
index = 100, time for coord: 0.003 ms
index = 100, time for basic compars: 0.001 ms
index = 100, time for getting a cell: 0.012 ms
index = 100, time for comparing cells: 0.001 ms
index = 100, time for setting a cell: 0.012 ms
index = 100, total time inside setGridCell: 0.034 ms
index = 100, time for setGridCell: 0.037 ms
index = 200, time for dx: 0 ms
index = 200, time for coord: 0.003 ms
index = 200, time for basic compars: 0.001 ms
index = 200, time for getting a cell: 0.012 ms
index = 200, time for comparing cells: 0.001 ms
index = 200, time for setting a cell: 0.012 ms
index = 200, total time inside setGridCell: 0.033 ms
index = 200, time for setGridCell: 0.036 ms
Time after makeBaseGrid: 47644.6 ms
L = 7, block size 512
num threads: 4194304
block_size = 512, time: 5.611 ms
block_size = 512, time: 2.707 ms
block_size = 512, time: 2.691 ms
block_size = 512, time: 2.71 ms
block_size = 512, time: 2.711 ms
block_size = 512, time: 2.713 ms
block_size = 512, time: 2.705 ms
block_size = 512, time: 2.692 ms
block_size = 512, time: 2.693 ms
block_size = 512, time: 2.709 ms
block_size = 512, time: 2.721 ms
block_size = 512, time: 2.68 ms
block_size = 512, time: 2.694 ms
block_size = 512, time: 2.69 ms
block_size = 512, time: 2.683 ms
block_size = 512, time: 2.684 ms
block_size = 512, time: 2.707 ms
block_size = 512, time: 2.721 ms
block_size = 512, time: 2.71 ms
block_size = 512, time: 2.697 ms
block_size = 512, time: 2.705 ms
block_size = 512, time: 2.694 ms
block_size = 512, time: 2.702 ms
block_size = 512, time: 2.707 ms
block_size = 512, time: 2.687 ms
block_size = 512, time: 2.698 ms
block_size = 512, time: 2.718 ms
block_size = 512, time: 2.695 ms
block_size = 512, time: 2.697 ms
block_size = 512, time: 2.704 ms
block_size = 512, time: 2.701 ms
block_size = 512, time: 2.706 ms
block_size = 512, time: 2.69 ms
block_size = 512, time: 2.705 ms
block_size = 512, time: 2.694 ms
block_size = 512, time: 2.702 ms
block_size = 512, time: 2.699 ms
block_size = 512, time: 2.697 ms
block_size = 512, time: 2.712 ms
block_size = 512, time: 2.693 ms
block_size = 512, time: 2.691 ms
block_size = 512, time: 2.709 ms
block_size = 512, time: 2.711 ms
block_size = 512, time: 2.711 ms
block_size = 512, time: 2.702 ms
block_size = 512, time: 2.723 ms
block_size = 512, time: 2.699 ms
block_size = 512, time: 2.708 ms
block_size = 512, time: 2.693 ms
block_size = 512, time: 2.691 ms

Total time: 47883.7 ms
