amr gpu matrix
Time after device_vector creation: 116.741 ms
index = 0, time for setting a cell: 0.021 ms
index = 0, time for setGridCell: 0.203 ms
index = 100, time for setting a cell: 0.01 ms
index = 100, time for setGridCell: 0.025 ms
index = 200, time for setting a cell: 0.01 ms
index = 200, time for setGridCell: 0.025 ms
Time after makeBaseGrid: 46273.8 ms
L = 7, block size 512
num threads: 4194304
block_size = 512, time: 5.61 ms
block_size = 512, time: 2.694 ms
block_size = 512, time: 2.707 ms
block_size = 512, time: 2.695 ms
block_size = 512, time: 2.686 ms
block_size = 512, time: 2.701 ms
block_size = 512, time: 2.694 ms
block_size = 512, time: 2.688 ms
block_size = 512, time: 2.69 ms
block_size = 512, time: 2.704 ms
block_size = 512, time: 2.697 ms
block_size = 512, time: 2.688 ms
block_size = 512, time: 2.705 ms
block_size = 512, time: 2.715 ms
block_size = 512, time: 2.709 ms
block_size = 512, time: 2.703 ms
block_size = 512, time: 2.72 ms
block_size = 512, time: 2.716 ms
block_size = 512, time: 2.689 ms
block_size = 512, time: 2.68 ms
block_size = 512, time: 2.702 ms
block_size = 512, time: 2.688 ms
block_size = 512, time: 2.695 ms
block_size = 512, time: 2.708 ms
block_size = 512, time: 2.678 ms
block_size = 512, time: 2.69 ms
block_size = 512, time: 2.705 ms
block_size = 512, time: 2.704 ms
block_size = 512, time: 2.698 ms
block_size = 512, time: 2.702 ms
block_size = 512, time: 2.691 ms
block_size = 512, time: 2.7 ms
block_size = 512, time: 2.701 ms
block_size = 512, time: 2.699 ms
block_size = 512, time: 2.705 ms
block_size = 512, time: 2.709 ms
block_size = 512, time: 2.692 ms
block_size = 512, time: 2.677 ms
block_size = 512, time: 2.696 ms
block_size = 512, time: 2.706 ms
block_size = 512, time: 2.704 ms
block_size = 512, time: 2.707 ms
block_size = 512, time: 2.676 ms
block_size = 512, time: 2.711 ms
block_size = 512, time: 2.708 ms
block_size = 512, time: 2.694 ms
block_size = 512, time: 2.712 ms
block_size = 512, time: 2.687 ms
block_size = 512, time: 2.701 ms
block_size = 512, time: 2.71 ms

Total time: 46528.5 ms
